  [1m[35m (286.9ms)[0m  [1m[35mCREATE DATABASE "music_app_development" ENCODING = 'unicode'[0m
  ↳ bin/rails:9
  [1m[35m (85.6ms)[0m  [1m[35mCREATE DATABASE "music_app_test" ENCODING = 'unicode'[0m
  ↳ bin/rails:9
  [1m[35m (8.7ms)[0m  [1m[35mCREATE TABLE "schema_migrations" ("version" character varying NOT NULL PRIMARY KEY)[0m
  ↳ bin/rails:9
  [1m[35m (3.8ms)[0m  [1m[35mCREATE TABLE "ar_internal_metadata" ("key" character varying NOT NULL PRIMARY KEY, "value" character varying, "created_at" timestamp NOT NULL, "updated_at" timestamp NOT NULL)[0m
  ↳ bin/rails:9
  [1m[35m (0.2ms)[0m  [1m[34mSELECT pg_try_advisory_lock(4505726345591715405)[0m
  ↳ bin/rails:9
  [1m[35m (0.5ms)[0m  [1m[34mSELECT "schema_migrations"."version" FROM "schema_migrations" ORDER BY "schema_migrations"."version" ASC[0m
  ↳ bin/rails:9
Migrating to CreateUsers (20200818140200)
  [1m[35m (16.4ms)[0m  [1m[34mSELECT pg_advisory_unlock(4505726345591715405)[0m
  ↳ bin/rails:9
  [1m[35m (0.2ms)[0m  [1m[34mSELECT pg_try_advisory_lock(4505726345591715405)[0m
  ↳ bin/rails:9
  [1m[35m (0.7ms)[0m  [1m[34mSELECT "schema_migrations"."version" FROM "schema_migrations" ORDER BY "schema_migrations"."version" ASC[0m
  ↳ bin/rails:9
Migrating to CreateUsers (20200818140200)
  [1m[35m (0.1ms)[0m  [1m[35mBEGIN[0m
  ↳ bin/rails:9
  [1m[35m (8.2ms)[0m  [1m[35mCREATE TABLE "users" ("id" bigserial primary key, "email" character varying NOT NULL, "password_digest" character varying NOT NULL, "session_token" character varying NOT NULL, "created_at" timestamp NOT NULL, "updated_at" timestamp NOT NULL)[0m
  ↳ db/migrate/20200818140200_create_users.rb:3
  [1m[35m (0.8ms)[0m  [1m[35mCREATE UNIQUE INDEX  "index_users_on_email" ON "users"  ("email")[0m
  ↳ db/migrate/20200818140200_create_users.rb:10
  [1m[35m (1.2ms)[0m  [1m[31mROLLBACK[0m
  ↳ bin/rails:9
  [1m[35m (16.4ms)[0m  [1m[34mSELECT pg_advisory_unlock(4505726345591715405)[0m
  ↳ bin/rails:9
  [1m[35m (0.1ms)[0m  [1m[34mSELECT pg_try_advisory_lock(4505726345591715405)[0m
  ↳ bin/rails:9
  [1m[35m (0.9ms)[0m  [1m[34mSELECT "schema_migrations"."version" FROM "schema_migrations" ORDER BY "schema_migrations"."version" ASC[0m
  ↳ bin/rails:9
Migrating to CreateUsers (20200818140200)
  [1m[35m (0.1ms)[0m  [1m[35mBEGIN[0m
  ↳ bin/rails:9
  [1m[35m (4.6ms)[0m  [1m[35mCREATE TABLE "users" ("id" bigserial primary key, "email" character varying NOT NULL, "password_digest" character varying NOT NULL, "session_token" character varying NOT NULL, "created_at" timestamp NOT NULL, "updated_at" timestamp NOT NULL)[0m
  ↳ db/migrate/20200818140200_create_users.rb:3
  [1m[35m (0.8ms)[0m  [1m[35mCREATE UNIQUE INDEX  "index_users_on_email" ON "users"  ("email")[0m
  ↳ db/migrate/20200818140200_create_users.rb:10
  [1m[35m (0.7ms)[0m  [1m[35mCREATE UNIQUE INDEX  "index_users_on_session_token" ON "users"  ("session_token")[0m
  ↳ db/migrate/20200818140200_create_users.rb:11
  [1m[36mActiveRecord::SchemaMigration Create (0.5ms)[0m  [1m[32mINSERT INTO "schema_migrations" ("version") VALUES ($1) RETURNING "version"[0m  [["version", "20200818140200"]]
  ↳ bin/rails:9
  [1m[35m (0.3ms)[0m  [1m[35mCOMMIT[0m
  ↳ bin/rails:9
  [1m[36mActiveRecord::InternalMetadata Load (3.6ms)[0m  [1m[34mSELECT  "ar_internal_metadata".* FROM "ar_internal_metadata" WHERE "ar_internal_metadata"."key" = $1 LIMIT $2[0m  [["key", "environment"], ["LIMIT", 1]]
  ↳ bin/rails:9
  [1m[35m (15.3ms)[0m  [1m[35mBEGIN[0m
  ↳ bin/rails:9
  [1m[36mActiveRecord::InternalMetadata Create (0.9ms)[0m  [1m[32mINSERT INTO "ar_internal_metadata" ("key", "value", "created_at", "updated_at") VALUES ($1, $2, $3, $4) RETURNING "key"[0m  [["key", "environment"], ["value", "development"], ["created_at", "2020-08-18 14:07:55.187155"], ["updated_at", "2020-08-18 14:07:55.187155"]]
  ↳ bin/rails:9
  [1m[35m (0.2ms)[0m  [1m[35mCOMMIT[0m
  ↳ bin/rails:9
  [1m[35m (0.1ms)[0m  [1m[34mSELECT pg_advisory_unlock(4505726345591715405)[0m
  ↳ bin/rails:9
  [1m[35m (0.2ms)[0m  [1m[34mSELECT "schema_migrations"."version" FROM "schema_migrations" ORDER BY "schema_migrations"."version" ASC[0m
  ↳ bin/rails:9
  [1m[35m (0.8ms)[0m  [1m[34mSELECT "schema_migrations"."version" FROM "schema_migrations" ORDER BY "schema_migrations"."version" ASC[0m
  ↳ bin/rails:9
Started GET "/" for ::1 at 2020-08-18 11:20:18 -0400
  [1m[35m (1.0ms)[0m  [1m[34mSELECT "schema_migrations"."version" FROM "schema_migrations" ORDER BY "schema_migrations"."version" ASC[0m
  ↳ /Users/ellispae/.rbenv/versions/2.5.1/lib/ruby/gems/2.5.0/gems/activerecord-5.2.4.3/lib/active_record/log_subscriber.rb:98
Processing by Rails::WelcomeController#index as HTML
  Rendering /Users/ellispae/.rbenv/versions/2.5.1/lib/ruby/gems/2.5.0/gems/railties-5.2.4.3/lib/rails/templates/rails/welcome/index.html.erb
  Rendered /Users/ellispae/.rbenv/versions/2.5.1/lib/ruby/gems/2.5.0/gems/railties-5.2.4.3/lib/rails/templates/rails/welcome/index.html.erb (2.5ms)
Completed 200 OK in 15ms (Views: 8.4ms | ActiveRecord: 0.0ms)


Started GET "/users" for ::1 at 2020-08-18 11:20:26 -0400
  
ActionController::RoutingError (No route matches [GET] "/users"):
  
actionpack (5.2.4.3) lib/action_dispatch/middleware/debug_exceptions.rb:65:in `call'
web-console (3.7.0) lib/web_console/middleware.rb:135:in `call_app'
web-console (3.7.0) lib/web_console/middleware.rb:30:in `block in call'
web-console (3.7.0) lib/web_console/middleware.rb:20:in `catch'
web-console (3.7.0) lib/web_console/middleware.rb:20:in `call'
actionpack (5.2.4.3) lib/action_dispatch/middleware/show_exceptions.rb:33:in `call'
railties (5.2.4.3) lib/rails/rack/logger.rb:38:in `call_app'
railties (5.2.4.3) lib/rails/rack/logger.rb:26:in `block in call'
activesupport (5.2.4.3) lib/active_support/tagged_logging.rb:71:in `block in tagged'
activesupport (5.2.4.3) lib/active_support/tagged_logging.rb:28:in `tagged'
activesupport (5.2.4.3) lib/active_support/tagged_logging.rb:71:in `tagged'
railties (5.2.4.3) lib/rails/rack/logger.rb:26:in `call'
sprockets-rails (3.2.1) lib/sprockets/rails/quiet_assets.rb:13:in `call'
actionpack (5.2.4.3) lib/action_dispatch/middleware/remote_ip.rb:81:in `call'
actionpack (5.2.4.3) lib/action_dispatch/middleware/request_id.rb:27:in `call'
rack (2.2.3) lib/rack/method_override.rb:24:in `call'
rack (2.2.3) lib/rack/runtime.rb:22:in `call'
activesupport (5.2.4.3) lib/active_support/cache/strategy/local_cache_middleware.rb:29:in `call'
actionpack (5.2.4.3) lib/action_dispatch/middleware/executor.rb:14:in `call'
actionpack (5.2.4.3) lib/action_dispatch/middleware/static.rb:127:in `call'
rack (2.2.3) lib/rack/sendfile.rb:110:in `call'
railties (5.2.4.3) lib/rails/engine.rb:524:in `call'
puma (3.12.6) lib/puma/configuration.rb:227:in `call'
puma (3.12.6) lib/puma/server.rb:706:in `handle_request'
puma (3.12.6) lib/puma/server.rb:476:in `process_client'
puma (3.12.6) lib/puma/server.rb:334:in `block in run'
puma (3.12.6) lib/puma/thread_pool.rb:135:in `block in spawn_thread'
Started GET "/users" for ::1 at 2020-08-18 11:22:04 -0400
  [1m[35m (0.7ms)[0m  [1m[34mSELECT "schema_migrations"."version" FROM "schema_migrations" ORDER BY "schema_migrations"."version" ASC[0m
  ↳ /Users/ellispae/.rbenv/versions/2.5.1/lib/ruby/gems/2.5.0/gems/activerecord-5.2.4.3/lib/active_record/log_subscriber.rb:98
  
ActionController::RoutingError (No route matches [GET] "/users"):
  
actionpack (5.2.4.3) lib/action_dispatch/middleware/debug_exceptions.rb:65:in `call'
web-console (3.7.0) lib/web_console/middleware.rb:135:in `call_app'
web-console (3.7.0) lib/web_console/middleware.rb:30:in `block in call'
web-console (3.7.0) lib/web_console/middleware.rb:20:in `catch'
web-console (3.7.0) lib/web_console/middleware.rb:20:in `call'
actionpack (5.2.4.3) lib/action_dispatch/middleware/show_exceptions.rb:33:in `call'
railties (5.2.4.3) lib/rails/rack/logger.rb:38:in `call_app'
railties (5.2.4.3) lib/rails/rack/logger.rb:26:in `block in call'
activesupport (5.2.4.3) lib/active_support/tagged_logging.rb:71:in `block in tagged'
activesupport (5.2.4.3) lib/active_support/tagged_logging.rb:28:in `tagged'
activesupport (5.2.4.3) lib/active_support/tagged_logging.rb:71:in `tagged'
railties (5.2.4.3) lib/rails/rack/logger.rb:26:in `call'
sprockets-rails (3.2.1) lib/sprockets/rails/quiet_assets.rb:13:in `call'
actionpack (5.2.4.3) lib/action_dispatch/middleware/remote_ip.rb:81:in `call'
actionpack (5.2.4.3) lib/action_dispatch/middleware/request_id.rb:27:in `call'
rack (2.2.3) lib/rack/method_override.rb:24:in `call'
rack (2.2.3) lib/rack/runtime.rb:22:in `call'
activesupport (5.2.4.3) lib/active_support/cache/strategy/local_cache_middleware.rb:29:in `call'
actionpack (5.2.4.3) lib/action_dispatch/middleware/executor.rb:14:in `call'
actionpack (5.2.4.3) lib/action_dispatch/middleware/static.rb:127:in `call'
rack (2.2.3) lib/rack/sendfile.rb:110:in `call'
railties (5.2.4.3) lib/rails/engine.rb:524:in `call'
puma (3.12.6) lib/puma/configuration.rb:227:in `call'
puma (3.12.6) lib/puma/server.rb:706:in `handle_request'
puma (3.12.6) lib/puma/server.rb:476:in `process_client'
puma (3.12.6) lib/puma/server.rb:334:in `block in run'
puma (3.12.6) lib/puma/thread_pool.rb:135:in `block in spawn_thread'
Started GET "/users" for ::1 at 2020-08-18 11:22:06 -0400
  
ActionController::RoutingError (No route matches [GET] "/users"):
  
actionpack (5.2.4.3) lib/action_dispatch/middleware/debug_exceptions.rb:65:in `call'
web-console (3.7.0) lib/web_console/middleware.rb:135:in `call_app'
web-console (3.7.0) lib/web_console/middleware.rb:30:in `block in call'
web-console (3.7.0) lib/web_console/middleware.rb:20:in `catch'
web-console (3.7.0) lib/web_console/middleware.rb:20:in `call'
actionpack (5.2.4.3) lib/action_dispatch/middleware/show_exceptions.rb:33:in `call'
railties (5.2.4.3) lib/rails/rack/logger.rb:38:in `call_app'
railties (5.2.4.3) lib/rails/rack/logger.rb:26:in `block in call'
activesupport (5.2.4.3) lib/active_support/tagged_logging.rb:71:in `block in tagged'
activesupport (5.2.4.3) lib/active_support/tagged_logging.rb:28:in `tagged'
activesupport (5.2.4.3) lib/active_support/tagged_logging.rb:71:in `tagged'
railties (5.2.4.3) lib/rails/rack/logger.rb:26:in `call'
sprockets-rails (3.2.1) lib/sprockets/rails/quiet_assets.rb:13:in `call'
actionpack (5.2.4.3) lib/action_dispatch/middleware/remote_ip.rb:81:in `call'
actionpack (5.2.4.3) lib/action_dispatch/middleware/request_id.rb:27:in `call'
rack (2.2.3) lib/rack/method_override.rb:24:in `call'
rack (2.2.3) lib/rack/runtime.rb:22:in `call'
activesupport (5.2.4.3) lib/active_support/cache/strategy/local_cache_middleware.rb:29:in `call'
actionpack (5.2.4.3) lib/action_dispatch/middleware/executor.rb:14:in `call'
actionpack (5.2.4.3) lib/action_dispatch/middleware/static.rb:127:in `call'
rack (2.2.3) lib/rack/sendfile.rb:110:in `call'
railties (5.2.4.3) lib/rails/engine.rb:524:in `call'
puma (3.12.6) lib/puma/configuration.rb:227:in `call'
puma (3.12.6) lib/puma/server.rb:706:in `handle_request'
puma (3.12.6) lib/puma/server.rb:476:in `process_client'
puma (3.12.6) lib/puma/server.rb:334:in `block in run'
puma (3.12.6) lib/puma/thread_pool.rb:135:in `block in spawn_thread'
Started GET "/user" for ::1 at 2020-08-18 11:22:31 -0400
  
ActionController::RoutingError (No route matches [GET] "/user"):
  
actionpack (5.2.4.3) lib/action_dispatch/middleware/debug_exceptions.rb:65:in `call'
web-console (3.7.0) lib/web_console/middleware.rb:135:in `call_app'
web-console (3.7.0) lib/web_console/middleware.rb:30:in `block in call'
web-console (3.7.0) lib/web_console/middleware.rb:20:in `catch'
web-console (3.7.0) lib/web_console/middleware.rb:20:in `call'
actionpack (5.2.4.3) lib/action_dispatch/middleware/show_exceptions.rb:33:in `call'
railties (5.2.4.3) lib/rails/rack/logger.rb:38:in `call_app'
railties (5.2.4.3) lib/rails/rack/logger.rb:26:in `block in call'
activesupport (5.2.4.3) lib/active_support/tagged_logging.rb:71:in `block in tagged'
activesupport (5.2.4.3) lib/active_support/tagged_logging.rb:28:in `tagged'
activesupport (5.2.4.3) lib/active_support/tagged_logging.rb:71:in `tagged'
railties (5.2.4.3) lib/rails/rack/logger.rb:26:in `call'
sprockets-rails (3.2.1) lib/sprockets/rails/quiet_assets.rb:13:in `call'
actionpack (5.2.4.3) lib/action_dispatch/middleware/remote_ip.rb:81:in `call'
actionpack (5.2.4.3) lib/action_dispatch/middleware/request_id.rb:27:in `call'
rack (2.2.3) lib/rack/method_override.rb:24:in `call'
rack (2.2.3) lib/rack/runtime.rb:22:in `call'
activesupport (5.2.4.3) lib/active_support/cache/strategy/local_cache_middleware.rb:29:in `call'
actionpack (5.2.4.3) lib/action_dispatch/middleware/executor.rb:14:in `call'
actionpack (5.2.4.3) lib/action_dispatch/middleware/static.rb:127:in `call'
rack (2.2.3) lib/rack/sendfile.rb:110:in `call'
railties (5.2.4.3) lib/rails/engine.rb:524:in `call'
puma (3.12.6) lib/puma/configuration.rb:227:in `call'
puma (3.12.6) lib/puma/server.rb:706:in `handle_request'
puma (3.12.6) lib/puma/server.rb:476:in `process_client'
puma (3.12.6) lib/puma/server.rb:334:in `block in run'
puma (3.12.6) lib/puma/thread_pool.rb:135:in `block in spawn_thread'
Started GET "/users/new" for ::1 at 2020-08-18 11:22:47 -0400

LoadError - Unable to autoload constant UsersController, expected /Users/ellispae/Documents/aA/Week 7/w7d2/music_app/app/controllers/users_controller.rb to define it:

Started POST "/__better_errors/d1f29ebadb8df98a/variables" for ::1 at 2020-08-18 11:22:47 -0400
Started GET "/new_user" for ::1 at 2020-08-18 11:23:11 -0400
  
ActionController::RoutingError (No route matches [GET] "/new_user"):
  
actionpack (5.2.4.3) lib/action_dispatch/middleware/debug_exceptions.rb:65:in `call'
web-console (3.7.0) lib/web_console/middleware.rb:135:in `call_app'
web-console (3.7.0) lib/web_console/middleware.rb:30:in `block in call'
web-console (3.7.0) lib/web_console/middleware.rb:20:in `catch'
web-console (3.7.0) lib/web_console/middleware.rb:20:in `call'
actionpack (5.2.4.3) lib/action_dispatch/middleware/show_exceptions.rb:33:in `call'
railties (5.2.4.3) lib/rails/rack/logger.rb:38:in `call_app'
railties (5.2.4.3) lib/rails/rack/logger.rb:26:in `block in call'
activesupport (5.2.4.3) lib/active_support/tagged_logging.rb:71:in `block in tagged'
activesupport (5.2.4.3) lib/active_support/tagged_logging.rb:28:in `tagged'
activesupport (5.2.4.3) lib/active_support/tagged_logging.rb:71:in `tagged'
railties (5.2.4.3) lib/rails/rack/logger.rb:26:in `call'
sprockets-rails (3.2.1) lib/sprockets/rails/quiet_assets.rb:13:in `call'
actionpack (5.2.4.3) lib/action_dispatch/middleware/remote_ip.rb:81:in `call'
actionpack (5.2.4.3) lib/action_dispatch/middleware/request_id.rb:27:in `call'
rack (2.2.3) lib/rack/method_override.rb:24:in `call'
rack (2.2.3) lib/rack/runtime.rb:22:in `call'
activesupport (5.2.4.3) lib/active_support/cache/strategy/local_cache_middleware.rb:29:in `call'
actionpack (5.2.4.3) lib/action_dispatch/middleware/executor.rb:14:in `call'
actionpack (5.2.4.3) lib/action_dispatch/middleware/static.rb:127:in `call'
rack (2.2.3) lib/rack/sendfile.rb:110:in `call'
railties (5.2.4.3) lib/rails/engine.rb:524:in `call'
puma (3.12.6) lib/puma/configuration.rb:227:in `call'
puma (3.12.6) lib/puma/server.rb:706:in `handle_request'
puma (3.12.6) lib/puma/server.rb:476:in `process_client'
puma (3.12.6) lib/puma/server.rb:334:in `block in run'
puma (3.12.6) lib/puma/thread_pool.rb:135:in `block in spawn_thread'
Started GET "/users/new" for ::1 at 2020-08-18 11:23:19 -0400

LoadError - Unable to autoload constant UsersController, expected /Users/ellispae/Documents/aA/Week 7/w7d2/music_app/app/controllers/users_controller.rb to define it:

Started POST "/__better_errors/74a2656e32025a05/variables" for ::1 at 2020-08-18 11:23:20 -0400
  [1m[35m (0.2ms)[0m  [1m[34mSELECT pg_try_advisory_lock(4505726345591715405)[0m
  ↳ bin/rails:9
  [1m[35m (0.6ms)[0m  [1m[34mSELECT "schema_migrations"."version" FROM "schema_migrations" ORDER BY "schema_migrations"."version" ASC[0m
  ↳ bin/rails:9
Migrating to CreateBands (20200818155500)
  [1m[35m (0.1ms)[0m  [1m[35mBEGIN[0m
  ↳ bin/rails:9
  [1m[35m (4.4ms)[0m  [1m[35mCREATE TABLE "bands" ("id" bigserial primary key, "name" character varying NOT NULL, "created_at" timestamp NOT NULL, "updated_at" timestamp NOT NULL)[0m
  ↳ db/migrate/20200818155500_create_bands.rb:3
  [1m[35m (0.7ms)[0m  [1m[35mCREATE UNIQUE INDEX  "index_bands_on_name" ON "bands"  ("name")[0m
  ↳ db/migrate/20200818155500_create_bands.rb:8
  [1m[36mActiveRecord::SchemaMigration Create (0.3ms)[0m  [1m[32mINSERT INTO "schema_migrations" ("version") VALUES ($1) RETURNING "version"[0m  [["version", "20200818155500"]]
  ↳ bin/rails:9
  [1m[35m (0.4ms)[0m  [1m[35mCOMMIT[0m
  ↳ bin/rails:9
  [1m[36mActiveRecord::InternalMetadata Load (4.1ms)[0m  [1m[34mSELECT  "ar_internal_metadata".* FROM "ar_internal_metadata" WHERE "ar_internal_metadata"."key" = $1 LIMIT $2[0m  [["key", "environment"], ["LIMIT", 1]]
  ↳ bin/rails:9
  [1m[35m (0.1ms)[0m  [1m[35mBEGIN[0m
  ↳ bin/rails:9
  [1m[35m (0.1ms)[0m  [1m[35mCOMMIT[0m
  ↳ bin/rails:9
  [1m[35m (0.2ms)[0m  [1m[34mSELECT pg_advisory_unlock(4505726345591715405)[0m
  ↳ bin/rails:9
  [1m[35m (0.2ms)[0m  [1m[34mSELECT "schema_migrations"."version" FROM "schema_migrations" ORDER BY "schema_migrations"."version" ASC[0m
  ↳ bin/rails:9
Started GET "/bands" for ::1 at 2020-08-18 13:54:14 -0400
  [1m[35m (2.0ms)[0m  [1m[34mSELECT "schema_migrations"."version" FROM "schema_migrations" ORDER BY "schema_migrations"."version" ASC[0m
  ↳ /Users/ellispae/.rbenv/versions/2.5.1/lib/ruby/gems/2.5.0/gems/activerecord-5.2.4.3/lib/active_record/log_subscriber.rb:98
Processing by BandsController#index as HTML
Completed 500 Internal Server Error in 14ms (ActiveRecord: 0.0ms)



ActionView::MissingTemplate - Missing template bands/index, application/index with {:locale=>[:en], :formats=>[:html], :variants=>[], :handlers=>[:raw, :erb, :html, :builder, :ruby, :coffee, :jbuilder]}. Searched in:
  * "/Users/ellispae/Documents/aA/Week 7/w7d2/music_app/app/views"
:
  app/controllers/concerns/bands_controller.rb:6:in `index'

Started POST "/__better_errors/7e4a16718b831052/variables" for ::1 at 2020-08-18 13:54:14 -0400
  [1m[36mBand Load (0.9ms)[0m  [1m[34mSELECT  "bands".* FROM "bands" LIMIT $1[0m  [["LIMIT", 11]]
  ↳ /Users/ellispae/.rbenv/versions/2.5.1/lib/ruby/gems/2.5.0/gems/activerecord-5.2.4.3/lib/active_record/log_subscriber.rb:98
Started GET "/bands/new" for ::1 at 2020-08-18 13:54:44 -0400
Processing by BandsController#new as HTML
Completed 500 Internal Server Error in 11ms (ActiveRecord: 3.8ms)



ActionView::MissingTemplate - Missing template bands/new, application/new with {:locale=>[:en], :formats=>[:html], :variants=>[], :handlers=>[:raw, :erb, :html, :builder, :ruby, :coffee, :jbuilder]}. Searched in:
  * "/Users/ellispae/Documents/aA/Week 7/w7d2/music_app/app/views"
:
  app/controllers/concerns/bands_controller.rb:16:in `new'

Started POST "/__better_errors/1b2794ab9d26b4a3/variables" for ::1 at 2020-08-18 13:54:44 -0400
Started GET "/bands" for ::1 at 2020-08-18 13:55:32 -0400
Processing by BandsController#index as */*
  Parameters: {"artwork"=>{"title"=>"Found_Awesome_Title", "image_url"=>"www.someimageexample.com", "artist_id"=>"17"}, "user"=>{"username"=>"Ara_C"}}
Completed 500 Internal Server Error in 48ms (ActiveRecord: 0.0ms)



ActionView::MissingTemplate - Missing template bands/index, application/index with {:locale=>[:en], :formats=>[:html, :text, :js, :css, :ics, :csv, :vcf, :vtt, :png, :jpeg, :gif, :bmp, :tiff, :svg, :mpeg, :mp3, :ogg, :m4a, :webm, :mp4, :otf, :ttf, :woff, :woff2, :xml, :rss, :atom, :yaml, :multipart_form, :url_encoded_form, :json, :pdf, :zip, :gzip], :variants=>[], :handlers=>[:raw, :erb, :html, :builder, :ruby, :coffee, :jbuilder]}. Searched in:
  * "/Users/ellispae/Documents/aA/Week 7/w7d2/music_app/app/views"
:
  app/controllers/concerns/bands_controller.rb:6:in `index'

Started POST "/bands/new" for ::1 at 2020-08-18 13:55:41 -0400
  
ActionController::RoutingError (No route matches [POST] "/bands/new"):
  
actionpack (5.2.4.3) lib/action_dispatch/middleware/debug_exceptions.rb:65:in `call'
web-console (3.7.0) lib/web_console/middleware.rb:135:in `call_app'
web-console (3.7.0) lib/web_console/middleware.rb:30:in `block in call'
web-console (3.7.0) lib/web_console/middleware.rb:20:in `catch'
web-console (3.7.0) lib/web_console/middleware.rb:20:in `call'
actionpack (5.2.4.3) lib/action_dispatch/middleware/show_exceptions.rb:33:in `call'
railties (5.2.4.3) lib/rails/rack/logger.rb:38:in `call_app'
railties (5.2.4.3) lib/rails/rack/logger.rb:26:in `block in call'
activesupport (5.2.4.3) lib/active_support/tagged_logging.rb:71:in `block in tagged'
activesupport (5.2.4.3) lib/active_support/tagged_logging.rb:28:in `tagged'
activesupport (5.2.4.3) lib/active_support/tagged_logging.rb:71:in `tagged'
railties (5.2.4.3) lib/rails/rack/logger.rb:26:in `call'
sprockets-rails (3.2.1) lib/sprockets/rails/quiet_assets.rb:13:in `call'
actionpack (5.2.4.3) lib/action_dispatch/middleware/remote_ip.rb:81:in `call'
actionpack (5.2.4.3) lib/action_dispatch/middleware/request_id.rb:27:in `call'
rack (2.2.3) lib/rack/method_override.rb:24:in `call'
rack (2.2.3) lib/rack/runtime.rb:22:in `call'
activesupport (5.2.4.3) lib/active_support/cache/strategy/local_cache_middleware.rb:29:in `call'
actionpack (5.2.4.3) lib/action_dispatch/middleware/executor.rb:14:in `call'
actionpack (5.2.4.3) lib/action_dispatch/middleware/static.rb:127:in `call'
rack (2.2.3) lib/rack/sendfile.rb:110:in `call'
railties (5.2.4.3) lib/rails/engine.rb:524:in `call'
puma (3.12.6) lib/puma/configuration.rb:227:in `call'
puma (3.12.6) lib/puma/server.rb:706:in `handle_request'
puma (3.12.6) lib/puma/server.rb:476:in `process_client'
puma (3.12.6) lib/puma/server.rb:334:in `block in run'
puma (3.12.6) lib/puma/thread_pool.rb:135:in `block in spawn_thread'
Started POST "/bands" for ::1 at 2020-08-18 13:56:28 -0400
Processing by BandsController#create as */*
Can't verify CSRF token authenticity.
Completed 422 Unprocessable Entity in 0ms (ActiveRecord: 0.0ms)



ActionController::InvalidAuthenticityToken - ActionController::InvalidAuthenticityToken:

Started POST "/bands" for ::1 at 2020-08-18 13:58:12 -0400
Processing by BandsController#create as */*
Can't verify CSRF token authenticity.
Completed 422 Unprocessable Entity in 0ms (ActiveRecord: 0.0ms)



ActionController::InvalidAuthenticityToken - ActionController::InvalidAuthenticityToken:

Started POST "/bands" for ::1 at 2020-08-18 13:58:28 -0400
  [1m[35m (0.7ms)[0m  [1m[34mSELECT "schema_migrations"."version" FROM "schema_migrations" ORDER BY "schema_migrations"."version" ASC[0m
  ↳ /Users/ellispae/.rbenv/versions/2.5.1/lib/ruby/gems/2.5.0/gems/activerecord-5.2.4.3/lib/active_record/log_subscriber.rb:98
Processing by BandsController#create as */*
Completed 400 Bad Request in 9ms (ActiveRecord: 0.0ms)



ActionController::ParameterMissing - param is missing or the value is empty: band:
  app/controllers/concerns/bands_controller.rb:60:in `band_params'
  app/controllers/concerns/bands_controller.rb:20:in `create'

Started POST "/bands" for ::1 at 2020-08-18 14:06:33 -0400
Processing by BandsController#create as */*
Completed 400 Bad Request in 6ms (ActiveRecord: 0.0ms)



ActionController::ParameterMissing - param is missing or the value is empty: band:
  app/controllers/concerns/bands_controller.rb:60:in `band_params'
  app/controllers/concerns/bands_controller.rb:20:in `create'

Started POST "/bands" for ::1 at 2020-08-18 14:07:29 -0400
  [1m[35m (0.8ms)[0m  [1m[34mSELECT "schema_migrations"."version" FROM "schema_migrations" ORDER BY "schema_migrations"."version" ASC[0m
  ↳ /Users/ellispae/.rbenv/versions/2.5.1/lib/ruby/gems/2.5.0/gems/activerecord-5.2.4.3/lib/active_record/log_subscriber.rb:98
Processing by BandsController#create as */*
  [1m[35m (0.6ms)[0m  [1m[34mSELECT "schema_migrations"."version" FROM "schema_migrations" ORDER BY "schema_migrations"."version" ASC[0m
  ↳ bin/rails:9
  [1m[35m (0.9ms)[0m  [1m[34mSELECT "schema_migrations"."version" FROM "schema_migrations" ORDER BY "schema_migrations"."version" ASC[0m
  ↳ bin/rails:9
  [1m[35m (0.9ms)[0m  [1m[34mSELECT "schema_migrations"."version" FROM "schema_migrations" ORDER BY "schema_migrations"."version" ASC[0m
  ↳ bin/rails:9
  [1m[35m (1.1ms)[0m  [1m[34mSELECT "schema_migrations"."version" FROM "schema_migrations" ORDER BY "schema_migrations"."version" ASC[0m
  ↳ bin/rails:9
Started POST "/bands" for ::1 at 2020-08-18 14:20:12 -0400
  [1m[35m (1.1ms)[0m  [1m[34mSELECT "schema_migrations"."version" FROM "schema_migrations" ORDER BY "schema_migrations"."version" ASC[0m
  ↳ /Users/ellispae/.rbenv/versions/2.5.1/lib/ruby/gems/2.5.0/gems/activerecord-5.2.4.3/lib/active_record/log_subscriber.rb:98
Processing by BandsController#create as */*
Started POST "/bands" for ::1 at 2020-08-18 14:20:52 -0400
  [1m[35m (0.7ms)[0m  [1m[34mSELECT "schema_migrations"."version" FROM "schema_migrations" ORDER BY "schema_migrations"."version" ASC[0m
  ↳ /Users/ellispae/.rbenv/versions/2.5.1/lib/ruby/gems/2.5.0/gems/activerecord-5.2.4.3/lib/active_record/log_subscriber.rb:98
Processing by BandsController#create as */*
Completed 400 Bad Request in 5ms (ActiveRecord: 0.0ms)



ActionController::ParameterMissing - param is missing or the value is empty: band:
  app/controllers/concerns/bands_controller.rb:60:in `band_params'
  app/controllers/concerns/bands_controller.rb:20:in `create'

  [1m[35m (1.1ms)[0m  [1m[34mSELECT "schema_migrations"."version" FROM "schema_migrations" ORDER BY "schema_migrations"."version" ASC[0m
  ↳ bin/rails:9
  [1m[35m (1.0ms)[0m  [1m[34mSELECT "schema_migrations"."version" FROM "schema_migrations" ORDER BY "schema_migrations"."version" ASC[0m
  ↳ bin/rails:9
  [1m[35m (0.7ms)[0m  [1m[34mSELECT "schema_migrations"."version" FROM "schema_migrations" ORDER BY "schema_migrations"."version" ASC[0m
  ↳ bin/rails:9
Started POST "/bands" for ::1 at 2020-08-18 14:31:53 -0400
  [1m[35m (0.9ms)[0m  [1m[34mSELECT "schema_migrations"."version" FROM "schema_migrations" ORDER BY "schema_migrations"."version" ASC[0m
  ↳ /Users/ellispae/.rbenv/versions/2.5.1/lib/ruby/gems/2.5.0/gems/activerecord-5.2.4.3/lib/active_record/log_subscriber.rb:98
Processing by BandsController#create as */*
  Parameters: {"band"=>{"name"=>"Led Zeppelin"}}
  [1m[35m (0.1ms)[0m  [1m[35mBEGIN[0m
  ↳ app/controllers/concerns/bands_controller.rb:21
  [1m[36mBand Exists (0.8ms)[0m  [1m[34mSELECT  1 AS one FROM "bands" WHERE "bands"."name" = $1 LIMIT $2[0m  [["name", "Led Zeppelin"], ["LIMIT", 1]]
  ↳ app/controllers/concerns/bands_controller.rb:21
  [1m[36mBand Create (2.2ms)[0m  [1m[32mINSERT INTO "bands" ("name", "created_at", "updated_at") VALUES ($1, $2, $3) RETURNING "id"[0m  [["name", "Led Zeppelin"], ["created_at", "2020-08-18 18:31:53.637064"], ["updated_at", "2020-08-18 18:31:53.637064"]]
  ↳ app/controllers/concerns/bands_controller.rb:21
  [1m[35m (0.6ms)[0m  [1m[35mCOMMIT[0m
  ↳ app/controllers/concerns/bands_controller.rb:21
Redirected to http://localhost:3000/bands/1
Completed 302 Found in 24ms (ActiveRecord: 9.2ms)


Started GET "/bands/1" for ::1 at 2020-08-18 14:31:53 -0400
Processing by BandsController#show as */*
  Parameters: {"id"=>"1"}
  [1m[36mBand Load (0.3ms)[0m  [1m[34mSELECT  "bands".* FROM "bands" WHERE "bands"."id" = $1 LIMIT $2[0m  [["id", 1], ["LIMIT", 1]]
  ↳ app/controllers/concerns/bands_controller.rb:10
Completed 500 Internal Server Error in 63ms (ActiveRecord: 0.6ms)



ActionView::MissingTemplate - Missing template bands/show, application/show with {:locale=>[:en], :formats=>[:html, :text, :js, :css, :ics, :csv, :vcf, :vtt, :png, :jpeg, :gif, :bmp, :tiff, :svg, :mpeg, :mp3, :ogg, :m4a, :webm, :mp4, :otf, :ttf, :woff, :woff2, :xml, :rss, :atom, :yaml, :multipart_form, :url_encoded_form, :json, :pdf, :zip, :gzip], :variants=>[], :handlers=>[:raw, :erb, :html, :builder, :ruby, :coffee, :jbuilder]}. Searched in:
  * "/Users/ellispae/Documents/aA/Week 7/w7d2/music_app/app/views"
:
  app/controllers/concerns/bands_controller.rb:11:in `show'

Started POST "/bands" for ::1 at 2020-08-18 14:33:32 -0400
Processing by BandsController#create as */*
  Parameters: {"band"=>{"name"=>"Led Zeppelin"}}
  [1m[35m (0.1ms)[0m  [1m[35mBEGIN[0m
  ↳ app/controllers/concerns/bands_controller.rb:21
  [1m[36mBand Exists (0.6ms)[0m  [1m[34mSELECT  1 AS one FROM "bands" WHERE "bands"."name" = $1 LIMIT $2[0m  [["name", "Led Zeppelin"], ["LIMIT", 1]]
  ↳ app/controllers/concerns/bands_controller.rb:21
  [1m[35m (0.3ms)[0m  [1m[31mROLLBACK[0m
  ↳ app/controllers/concerns/bands_controller.rb:21
Completed 500 Internal Server Error in 16ms (ActiveRecord: 1.0ms)



NoMethodError - undefined method `erros' for #<Band:0x00007fbb14bb7c00>
Did you mean?  errors:
  app/controllers/concerns/bands_controller.rb:24:in `create'

Started GET "/bands/1" for ::1 at 2020-08-18 14:33:43 -0400
Processing by BandsController#show as */*
  Parameters: {"id"=>"1"}
  [1m[36mBand Load (0.6ms)[0m  [1m[34mSELECT  "bands".* FROM "bands" WHERE "bands"."id" = $1 LIMIT $2[0m  [["id", 1], ["LIMIT", 1]]
  ↳ app/controllers/concerns/bands_controller.rb:10
Completed 500 Internal Server Error in 54ms (ActiveRecord: 0.6ms)



ActionView::MissingTemplate - Missing template bands/show, application/show with {:locale=>[:en], :formats=>[:html, :text, :js, :css, :ics, :csv, :vcf, :vtt, :png, :jpeg, :gif, :bmp, :tiff, :svg, :mpeg, :mp3, :ogg, :m4a, :webm, :mp4, :otf, :ttf, :woff, :woff2, :xml, :rss, :atom, :yaml, :multipart_form, :url_encoded_form, :json, :pdf, :zip, :gzip], :variants=>[], :handlers=>[:raw, :erb, :html, :builder, :ruby, :coffee, :jbuilder]}. Searched in:
  * "/Users/ellispae/Documents/aA/Week 7/w7d2/music_app/app/views"
:
  app/controllers/concerns/bands_controller.rb:11:in `show'

Started GET "/bands/1" for ::1 at 2020-08-18 14:35:36 -0400
Processing by BandsController#show as */*
  Parameters: {"id"=>"1"}
  [1m[36mBand Load (0.3ms)[0m  [1m[34mSELECT  "bands".* FROM "bands" WHERE "bands"."id" = $1 LIMIT $2[0m  [["id", 1], ["LIMIT", 1]]
  ↳ app/controllers/concerns/bands_controller.rb:10
  Rendering bands/show.html.erb within layouts/application
  Rendered bands/show.html.erb within layouts/application (8.8ms)
Completed 200 OK in 234ms (Views: 232.9ms | ActiveRecord: 0.3ms)


  [1m[35m (0.6ms)[0m  [1m[34mSELECT "schema_migrations"."version" FROM "schema_migrations" ORDER BY "schema_migrations"."version" ASC[0m
  ↳ bin/rails:9
  [1m[36mUser Load (4.6ms)[0m  [1m[34mSELECT "users".* FROM "users"[0m
  ↳ db/seeds.rb:10
  [1m[36mBand Load (0.4ms)[0m  [1m[34mSELECT "bands".* FROM "bands"[0m
  ↳ db/seeds.rb:11
  [1m[35m (16.4ms)[0m  [1m[35mBEGIN[0m
  ↳ db/seeds.rb:11
  [1m[36mBand Destroy (1.9ms)[0m  [1m[31mDELETE FROM "bands" WHERE "bands"."id" = $1[0m  [["id", 1]]
  ↳ db/seeds.rb:11
  [1m[35m (0.4ms)[0m  [1m[35mCOMMIT[0m
  ↳ db/seeds.rb:11
  [1m[35m (0.2ms)[0m  [1m[35mBEGIN[0m
  ↳ db/seeds.rb:14
  [1m[36mUser Exists (0.4ms)[0m  [1m[34mSELECT  1 AS one FROM "users" WHERE "users"."email" = $1 LIMIT $2[0m  [["email", "ellis@appacademy.com"], ["LIMIT", 1]]
  ↳ db/seeds.rb:14
  [1m[36mUser Exists (0.2ms)[0m  [1m[34mSELECT  1 AS one FROM "users" WHERE "users"."session_token" = $1 LIMIT $2[0m  [["session_token", "-zg-L9J4UWvfqzg7Zamfbg"], ["LIMIT", 1]]
  ↳ db/seeds.rb:14
  [1m[36mUser Create (1.5ms)[0m  [1m[32mINSERT INTO "users" ("email", "password_digest", "session_token", "created_at", "updated_at") VALUES ($1, $2, $3, $4, $5) RETURNING "id"[0m  [["email", "ellis@appacademy.com"], ["password_digest", "$2a$12$t4Pnul2DOZN/AHYwlWjhCuS/F7sNQkt3lnIFUna5d6Exh7Gy1QXfi"], ["session_token", "-zg-L9J4UWvfqzg7Zamfbg"], ["created_at", "2020-08-18 18:38:22.038968"], ["updated_at", "2020-08-18 18:38:22.038968"]]
  ↳ db/seeds.rb:14
  [1m[35m (0.3ms)[0m  [1m[35mCOMMIT[0m
  ↳ db/seeds.rb:14
  [1m[35m (3.0ms)[0m  [1m[35mBEGIN[0m
  ↳ db/seeds.rb:15
  [1m[36mUser Exists (0.2ms)[0m  [1m[34mSELECT  1 AS one FROM "users" WHERE "users"."email" = $1 LIMIT $2[0m  [["email", "mkaku@nyu.edu"], ["LIMIT", 1]]
  ↳ db/seeds.rb:15
  [1m[36mUser Exists (0.2ms)[0m  [1m[34mSELECT  1 AS one FROM "users" WHERE "users"."session_token" = $1 LIMIT $2[0m  [["session_token", "K1nIZ4xKVSrBOujas__7zw"], ["LIMIT", 1]]
  ↳ db/seeds.rb:15
  [1m[36mUser Create (0.2ms)[0m  [1m[32mINSERT INTO "users" ("email", "password_digest", "session_token", "created_at", "updated_at") VALUES ($1, $2, $3, $4, $5) RETURNING "id"[0m  [["email", "mkaku@nyu.edu"], ["password_digest", "$2a$12$Jbz/grSexMyvUdXkKUfqLOpZ/tpANhzp3g6Tzmjicsizrqq0fE3.G"], ["session_token", "K1nIZ4xKVSrBOujas__7zw"], ["created_at", "2020-08-18 18:38:22.234232"], ["updated_at", "2020-08-18 18:38:22.234232"]]
  ↳ db/seeds.rb:15
  [1m[35m (0.4ms)[0m  [1m[35mCOMMIT[0m
  ↳ db/seeds.rb:15
  [1m[35m (0.1ms)[0m  [1m[35mBEGIN[0m
  ↳ db/seeds.rb:18
  [1m[36mBand Exists (0.2ms)[0m  [1m[34mSELECT  1 AS one FROM "bands" WHERE "bands"."name" = $1 LIMIT $2[0m  [["name", "Led Zeppelin"], ["LIMIT", 1]]
  ↳ db/seeds.rb:18
  [1m[36mBand Create (0.2ms)[0m  [1m[32mINSERT INTO "bands" ("name", "created_at", "updated_at") VALUES ($1, $2, $3) RETURNING "id"[0m  [["name", "Led Zeppelin"], ["created_at", "2020-08-18 18:38:22.236884"], ["updated_at", "2020-08-18 18:38:22.236884"]]
  ↳ db/seeds.rb:18
  [1m[35m (0.2ms)[0m  [1m[35mCOMMIT[0m
  ↳ db/seeds.rb:18
  [1m[35m (0.1ms)[0m  [1m[35mBEGIN[0m
  ↳ db/seeds.rb:19
  [1m[36mBand Exists (0.3ms)[0m  [1m[34mSELECT  1 AS one FROM "bands" WHERE "bands"."name" = $1 LIMIT $2[0m  [["name", "2pac"], ["LIMIT", 1]]
  ↳ db/seeds.rb:19
  [1m[36mBand Create (0.2ms)[0m  [1m[32mINSERT INTO "bands" ("name", "created_at", "updated_at") VALUES ($1, $2, $3) RETURNING "id"[0m  [["name", "2pac"], ["created_at", "2020-08-18 18:38:22.239126"], ["updated_at", "2020-08-18 18:38:22.239126"]]
  ↳ db/seeds.rb:19
  [1m[35m (0.2ms)[0m  [1m[35mCOMMIT[0m
  ↳ db/seeds.rb:19
  [1m[36mUser Load (0.7ms)[0m  [1m[34mSELECT "users".* FROM "users"[0m
  [1m[36mBand Load (0.6ms)[0m  [1m[34mSELECT "bands".* FROM "bands"[0m
Started GET "/users" for ::1 at 2020-08-18 14:39:29 -0400
  [1m[35m (0.7ms)[0m  [1m[34mSELECT "schema_migrations"."version" FROM "schema_migrations" ORDER BY "schema_migrations"."version" ASC[0m
  ↳ /Users/ellispae/.rbenv/versions/2.5.1/lib/ruby/gems/2.5.0/gems/activerecord-5.2.4.3/lib/active_record/log_subscriber.rb:98
  
ActionController::RoutingError (No route matches [GET] "/users"):
  
actionpack (5.2.4.3) lib/action_dispatch/middleware/debug_exceptions.rb:65:in `call'
web-console (3.7.0) lib/web_console/middleware.rb:135:in `call_app'
web-console (3.7.0) lib/web_console/middleware.rb:30:in `block in call'
web-console (3.7.0) lib/web_console/middleware.rb:20:in `catch'
web-console (3.7.0) lib/web_console/middleware.rb:20:in `call'
actionpack (5.2.4.3) lib/action_dispatch/middleware/show_exceptions.rb:33:in `call'
railties (5.2.4.3) lib/rails/rack/logger.rb:38:in `call_app'
railties (5.2.4.3) lib/rails/rack/logger.rb:26:in `block in call'
activesupport (5.2.4.3) lib/active_support/tagged_logging.rb:71:in `block in tagged'
activesupport (5.2.4.3) lib/active_support/tagged_logging.rb:28:in `tagged'
activesupport (5.2.4.3) lib/active_support/tagged_logging.rb:71:in `tagged'
railties (5.2.4.3) lib/rails/rack/logger.rb:26:in `call'
sprockets-rails (3.2.1) lib/sprockets/rails/quiet_assets.rb:13:in `call'
actionpack (5.2.4.3) lib/action_dispatch/middleware/remote_ip.rb:81:in `call'
actionpack (5.2.4.3) lib/action_dispatch/middleware/request_id.rb:27:in `call'
rack (2.2.3) lib/rack/method_override.rb:24:in `call'
rack (2.2.3) lib/rack/runtime.rb:22:in `call'
activesupport (5.2.4.3) lib/active_support/cache/strategy/local_cache_middleware.rb:29:in `call'
actionpack (5.2.4.3) lib/action_dispatch/middleware/executor.rb:14:in `call'
actionpack (5.2.4.3) lib/action_dispatch/middleware/static.rb:127:in `call'
rack (2.2.3) lib/rack/sendfile.rb:110:in `call'
railties (5.2.4.3) lib/rails/engine.rb:524:in `call'
puma (3.12.6) lib/puma/configuration.rb:227:in `call'
puma (3.12.6) lib/puma/server.rb:706:in `handle_request'
puma (3.12.6) lib/puma/server.rb:476:in `process_client'
puma (3.12.6) lib/puma/server.rb:334:in `block in run'
puma (3.12.6) lib/puma/thread_pool.rb:135:in `block in spawn_thread'
Started GET "/users/1" for ::1 at 2020-08-18 14:39:54 -0400

LoadError - Unable to autoload constant UsersController, expected /Users/ellispae/Documents/aA/Week 7/w7d2/music_app/app/controllers/users_controller.rb to define it:

Started POST "/__better_errors/a4d2c42189ef05ff/variables" for ::1 at 2020-08-18 14:39:54 -0400
Started GET "/users/1" for ::1 at 2020-08-18 14:39:59 -0400

LoadError - Unable to autoload constant UsersController, expected /Users/ellispae/Documents/aA/Week 7/w7d2/music_app/app/controllers/users_controller.rb to define it:

Started POST "/__better_errors/3c290c9e30e74f06/variables" for ::1 at 2020-08-18 14:39:59 -0400
Started GET "/users/2" for ::1 at 2020-08-18 14:40:11 -0400

LoadError - Unable to autoload constant UsersController, expected /Users/ellispae/Documents/aA/Week 7/w7d2/music_app/app/controllers/users_controller.rb to define it:

Started POST "/__better_errors/ed3874701f392da4/variables" for ::1 at 2020-08-18 14:40:11 -0400
Started GET "/bands" for ::1 at 2020-08-18 14:40:27 -0400
Processing by BandsController#index as HTML
  Rendering bands/index.html.erb within layouts/application
  Rendered bands/index.html.erb within layouts/application (3.3ms)
Completed 500 Internal Server Error in 11ms (ActiveRecord: 0.0ms)



ActionView::Template::Error - undefined method `each' for nil:NilClass:
  app/views/bands/index.html.erb:4:in `view template'
  app/controllers/concerns/bands_controller.rb:6:in `index'

Started POST "/__better_errors/4f7ab50ba2209f53/variables" for ::1 at 2020-08-18 14:40:27 -0400
Started POST "/__better_errors/4f7ab50ba2209f53/variables" for ::1 at 2020-08-18 14:40:43 -0400
  [1m[36mBand Load (0.4ms)[0m  [1m[34mSELECT  "bands".* FROM "bands" LIMIT $1[0m  [["LIMIT", 11]]
  ↳ /Users/ellispae/.rbenv/versions/2.5.1/lib/ruby/gems/2.5.0/gems/activerecord-5.2.4.3/lib/active_record/log_subscriber.rb:98
Started GET "/bands" for ::1 at 2020-08-18 14:41:50 -0400
Processing by BandsController#index as HTML
  Rendering bands/index.html.erb within layouts/application
  Rendered bands/index.html.erb within layouts/application (4.4ms)
Completed 500 Internal Server Error in 11ms (ActiveRecord: 0.0ms)



ActionView::Template::Error - undefined method `each' for nil:NilClass:
  app/views/bands/index.html.erb:4:in `view template'
  app/controllers/concerns/bands_controller.rb:6:in `index'

Started POST "/__better_errors/72ba0cc7cf09daef/variables" for ::1 at 2020-08-18 14:41:50 -0400
Started GET "/bands" for ::1 at 2020-08-18 14:41:52 -0400
Processing by BandsController#index as HTML
  Rendering bands/index.html.erb within layouts/application
  Rendered bands/index.html.erb within layouts/application (4.6ms)
Completed 500 Internal Server Error in 11ms (ActiveRecord: 0.0ms)



ActionView::Template::Error - undefined method `each' for nil:NilClass:
  app/views/bands/index.html.erb:4:in `view template'
  app/controllers/concerns/bands_controller.rb:6:in `index'

Started POST "/__better_errors/8c31abb230ba9ff3/variables" for ::1 at 2020-08-18 14:41:52 -0400
Started GET "/bands" for ::1 at 2020-08-18 14:42:06 -0400
Processing by BandsController#index as HTML
  Rendering bands/index.html.erb within layouts/application
  Rendered bands/index.html.erb within layouts/application (8.1ms)
Completed 500 Internal Server Error in 15ms (ActiveRecord: 0.0ms)



ActionView::Template::Error - undefined method `each' for nil:NilClass:
  app/views/bands/index.html.erb:4:in `view template'
  app/controllers/concerns/bands_controller.rb:6:in `index'

Started POST "/__better_errors/99dba18c37567191/variables" for ::1 at 2020-08-18 14:42:06 -0400
Started GET "/bands" for ::1 at 2020-08-18 14:42:07 -0400
Processing by BandsController#index as HTML
  Rendering bands/index.html.erb within layouts/application
  Rendered bands/index.html.erb within layouts/application (3.1ms)
Completed 500 Internal Server Error in 9ms (ActiveRecord: 0.0ms)



ActionView::Template::Error - undefined method `each' for nil:NilClass:
  app/views/bands/index.html.erb:4:in `view template'
  app/controllers/concerns/bands_controller.rb:6:in `index'

Started POST "/__better_errors/546e06db1904fe92/variables" for ::1 at 2020-08-18 14:42:07 -0400
Started GET "/bands" for ::1 at 2020-08-18 14:42:08 -0400
Processing by BandsController#index as HTML
  Rendering bands/index.html.erb within layouts/application
  Rendered bands/index.html.erb within layouts/application (3.0ms)
Completed 500 Internal Server Error in 9ms (ActiveRecord: 0.0ms)



ActionView::Template::Error - undefined method `each' for nil:NilClass:
  app/views/bands/index.html.erb:4:in `view template'
  app/controllers/concerns/bands_controller.rb:6:in `index'

Started POST "/__better_errors/02963bd2f79e24e5/variables" for ::1 at 2020-08-18 14:42:08 -0400
Started POST "/__better_errors/02963bd2f79e24e5/variables" for ::1 at 2020-08-18 14:42:09 -0400
  [1m[36mBand Load (0.2ms)[0m  [1m[34mSELECT  "bands".* FROM "bands" LIMIT $1[0m  [["LIMIT", 11]]
  ↳ /Users/ellispae/.rbenv/versions/2.5.1/lib/ruby/gems/2.5.0/gems/activerecord-5.2.4.3/lib/active_record/log_subscriber.rb:98
Started GET "/bands" for ::1 at 2020-08-18 14:42:39 -0400
Processing by BandsController#index as HTML
  Rendering bands/index.html.erb within layouts/application
  Rendered bands/index.html.erb within layouts/application (3.3ms)
Completed 500 Internal Server Error in 9ms (ActiveRecord: 0.0ms)



ActionView::Template::Error - undefined method `each' for nil:NilClass:
  app/views/bands/index.html.erb:4:in `view template'
  app/controllers/concerns/bands_controller.rb:6:in `index'

Started POST "/__better_errors/6ecb5899accb07ba/variables" for ::1 at 2020-08-18 14:42:39 -0400
Started GET "/bands" for ::1 at 2020-08-18 14:42:40 -0400
Processing by BandsController#index as HTML
  Rendering bands/index.html.erb within layouts/application
  Rendered bands/index.html.erb within layouts/application (3.2ms)
Completed 500 Internal Server Error in 9ms (ActiveRecord: 0.0ms)



ActionView::Template::Error - undefined method `each' for nil:NilClass:
  app/views/bands/index.html.erb:4:in `view template'
  app/controllers/concerns/bands_controller.rb:6:in `index'

Started POST "/__better_errors/1789dd5b6ea2ff3d/variables" for ::1 at 2020-08-18 14:42:40 -0400
Started GET "/bands" for ::1 at 2020-08-18 14:42:56 -0400
  [1m[35m (0.6ms)[0m  [1m[34mSELECT "schema_migrations"."version" FROM "schema_migrations" ORDER BY "schema_migrations"."version" ASC[0m
  ↳ /Users/ellispae/.rbenv/versions/2.5.1/lib/ruby/gems/2.5.0/gems/activerecord-5.2.4.3/lib/active_record/log_subscriber.rb:98
Processing by BandsController#index as HTML
  Rendering bands/index.html.erb within layouts/application
  Rendered bands/index.html.erb within layouts/application (4.2ms)
Completed 500 Internal Server Error in 16ms (ActiveRecord: 0.0ms)



ActionView::Template::Error - undefined method `each' for nil:NilClass:
  app/views/bands/index.html.erb:4:in `view template'
  app/controllers/concerns/bands_controller.rb:6:in `index'

Started POST "/__better_errors/3d207c0830974fdc/variables" for ::1 at 2020-08-18 14:42:57 -0400
Started GET "/bands" for ::1 at 2020-08-18 14:45:05 -0400
Processing by BandsController#index as HTML
  Rendering bands/index.html.erb within layouts/application
  Rendered bands/index.html.erb within layouts/application (3.5ms)
Completed 500 Internal Server Error in 9ms (ActiveRecord: 0.0ms)



ActionView::Template::Error - undefined method `each' for nil:NilClass:
  app/views/bands/index.html.erb:4:in `view template'
  app/controllers/concerns/bands_controller.rb:6:in `index'

Started POST "/__better_errors/ab9cb79f34943f06/variables" for ::1 at 2020-08-18 14:45:05 -0400
Started GET "/bands" for ::1 at 2020-08-18 14:45:24 -0400
  [1m[35m (0.7ms)[0m  [1m[34mSELECT "schema_migrations"."version" FROM "schema_migrations" ORDER BY "schema_migrations"."version" ASC[0m
  ↳ /Users/ellispae/.rbenv/versions/2.5.1/lib/ruby/gems/2.5.0/gems/activerecord-5.2.4.3/lib/active_record/log_subscriber.rb:98
Processing by BandsController#index as HTML
  Rendering bands/index.html.erb within layouts/application
  Rendered bands/index.html.erb within layouts/application (4.4ms)
Completed 500 Internal Server Error in 16ms (ActiveRecord: 0.0ms)



ActionView::Template::Error - undefined method `each' for nil:NilClass:
  app/views/bands/index.html.erb:4:in `view template'
  app/controllers/concerns/bands_controller.rb:6:in `index'

Started POST "/__better_errors/ce834a96468eec6a/variables" for ::1 at 2020-08-18 14:45:24 -0400
Started GET "/bands" for ::1 at 2020-08-18 14:45:25 -0400
Processing by BandsController#index as HTML
  Rendering bands/index.html.erb within layouts/application
  Rendered bands/index.html.erb within layouts/application (3.7ms)
Completed 500 Internal Server Error in 10ms (ActiveRecord: 0.0ms)



ActionView::Template::Error - undefined method `each' for nil:NilClass:
  app/views/bands/index.html.erb:4:in `view template'
  app/controllers/concerns/bands_controller.rb:6:in `index'

Started POST "/__better_errors/884f19b363b25468/variables" for ::1 at 2020-08-18 14:45:25 -0400
Started GET "/bands/" for ::1 at 2020-08-18 14:45:34 -0400
Processing by BandsController#index as */*
  Rendering bands/index.html.erb within layouts/application
  Rendered bands/index.html.erb within layouts/application (28.8ms)
Completed 500 Internal Server Error in 62ms (ActiveRecord: 0.0ms)



ActionView::Template::Error - undefined method `each' for nil:NilClass:
  app/views/bands/index.html.erb:4:in `view template'
  app/controllers/concerns/bands_controller.rb:6:in `index'

Started GET "/users" for ::1 at 2020-08-18 14:47:19 -0400
  
ActionController::RoutingError (No route matches [GET] "/users"):
  
actionpack (5.2.4.3) lib/action_dispatch/middleware/debug_exceptions.rb:65:in `call'
web-console (3.7.0) lib/web_console/middleware.rb:135:in `call_app'
web-console (3.7.0) lib/web_console/middleware.rb:30:in `block in call'
web-console (3.7.0) lib/web_console/middleware.rb:20:in `catch'
web-console (3.7.0) lib/web_console/middleware.rb:20:in `call'
actionpack (5.2.4.3) lib/action_dispatch/middleware/show_exceptions.rb:33:in `call'
railties (5.2.4.3) lib/rails/rack/logger.rb:38:in `call_app'
railties (5.2.4.3) lib/rails/rack/logger.rb:26:in `block in call'
activesupport (5.2.4.3) lib/active_support/tagged_logging.rb:71:in `block in tagged'
activesupport (5.2.4.3) lib/active_support/tagged_logging.rb:28:in `tagged'
activesupport (5.2.4.3) lib/active_support/tagged_logging.rb:71:in `tagged'
railties (5.2.4.3) lib/rails/rack/logger.rb:26:in `call'
sprockets-rails (3.2.1) lib/sprockets/rails/quiet_assets.rb:13:in `call'
actionpack (5.2.4.3) lib/action_dispatch/middleware/remote_ip.rb:81:in `call'
actionpack (5.2.4.3) lib/action_dispatch/middleware/request_id.rb:27:in `call'
rack (2.2.3) lib/rack/method_override.rb:24:in `call'
rack (2.2.3) lib/rack/runtime.rb:22:in `call'
activesupport (5.2.4.3) lib/active_support/cache/strategy/local_cache_middleware.rb:29:in `call'
actionpack (5.2.4.3) lib/action_dispatch/middleware/executor.rb:14:in `call'
actionpack (5.2.4.3) lib/action_dispatch/middleware/static.rb:127:in `call'
rack (2.2.3) lib/rack/sendfile.rb:110:in `call'
railties (5.2.4.3) lib/rails/engine.rb:524:in `call'
puma (3.12.6) lib/puma/configuration.rb:227:in `call'
puma (3.12.6) lib/puma/server.rb:706:in `handle_request'
puma (3.12.6) lib/puma/server.rb:476:in `process_client'
puma (3.12.6) lib/puma/server.rb:334:in `block in run'
puma (3.12.6) lib/puma/thread_pool.rb:135:in `block in spawn_thread'
Started GET "/users/1" for ::1 at 2020-08-18 14:47:25 -0400

LoadError - Unable to autoload constant UsersController, expected /Users/ellispae/Documents/aA/Week 7/w7d2/music_app/app/controllers/users_controller.rb to define it:

Started POST "/__better_errors/34c03de497a78bf9/variables" for ::1 at 2020-08-18 14:47:25 -0400
Started GET "/users/1" for ::1 at 2020-08-18 14:47:40 -0400

LoadError - Unable to autoload constant UsersController, expected /Users/ellispae/Documents/aA/Week 7/w7d2/music_app/app/controllers/users_controller.rb to define it:

Started GET "/bands" for ::1 at 2020-08-18 14:51:37 -0400
Processing by BandsController#index as */*
  Rendering bands/index.html.erb within layouts/application
  Rendered bands/index.html.erb within layouts/application (29.2ms)
Completed 500 Internal Server Error in 60ms (ActiveRecord: 0.0ms)



ActionView::Template::Error - undefined method `each' for nil:NilClass:
  app/views/bands/index.html.erb:4:in `view template'
  app/controllers/concerns/bands_controller.rb:6:in `index'

Started GET "/bands" for ::1 at 2020-08-18 14:53:10 -0400
Processing by BandsController#index as */*
  Rendering bands/index.html.erb within layouts/application
  Rendered bands/index.html.erb within layouts/application (29.2ms)
Completed 500 Internal Server Error in 61ms (ActiveRecord: 0.0ms)



ActionView::Template::Error - undefined method `each' for nil:NilClass:
  app/views/bands/index.html.erb:4:in `view template'
  app/controllers/concerns/bands_controller.rb:6:in `index'

Started GET "/bands" for ::1 at 2020-08-18 14:55:20 -0400
Processing by BandsController#index as */*
  Rendering bands/index.html.erb within layouts/application
  Rendered bands/index.html.erb within layouts/application (29.4ms)
Completed 500 Internal Server Error in 60ms (ActiveRecord: 0.0ms)



ActionView::Template::Error - undefined method `each' for nil:NilClass:
  app/views/bands/index.html.erb:4:in `view template'
  app/controllers/concerns/bands_controller.rb:6:in `index'

  [1m[36mUser Load (1.1ms)[0m  [1m[34mSELECT "users".* FROM "users"[0m
  [1m[36mBand Load (0.6ms)[0m  [1m[34mSELECT "bands".* FROM "bands"[0m
Started GET "/bands" for ::1 at 2020-08-18 14:57:26 -0400
  [1m[35m (0.6ms)[0m  [1m[34mSELECT "schema_migrations"."version" FROM "schema_migrations" ORDER BY "schema_migrations"."version" ASC[0m
  ↳ /Users/ellispae/.rbenv/versions/2.5.1/lib/ruby/gems/2.5.0/gems/activerecord-5.2.4.3/lib/active_record/log_subscriber.rb:98
Processing by BandsController#index as */*
  Rendering bands/index.html.erb within layouts/application
  Rendered bands/index.html.erb within layouts/application (32.7ms)
Completed 500 Internal Server Error in 81ms (ActiveRecord: 0.0ms)



ActionView::Template::Error - undefined method `each' for nil:NilClass:
  app/views/bands/index.html.erb:4:in `view template'
  app/controllers/concerns/bands_controller.rb:6:in `index'

Started GET "/" for ::1 at 2020-08-18 14:59:38 -0400
Processing by Rails::WelcomeController#index as */*
  Rendering /Users/ellispae/.rbenv/versions/2.5.1/lib/ruby/gems/2.5.0/gems/railties-5.2.4.3/lib/rails/templates/rails/welcome/index.html.erb
  Rendered /Users/ellispae/.rbenv/versions/2.5.1/lib/ruby/gems/2.5.0/gems/railties-5.2.4.3/lib/rails/templates/rails/welcome/index.html.erb (1.7ms)
Completed 200 OK in 90ms (Views: 43.3ms | ActiveRecord: 0.0ms)


Started GET "/bands" for ::1 at 2020-08-18 14:59:42 -0400
Processing by BandsController#index as */*
  Rendering bands/index.html.erb within layouts/application
  [1m[36mBand Load (0.5ms)[0m  [1m[34mSELECT "bands".* FROM "bands"[0m
  ↳ app/views/bands/index.html.erb:4
  Rendered bands/index.html.erb within layouts/application (14.0ms)
Completed 200 OK in 177ms (Views: 168.2ms | ActiveRecord: 6.4ms)


Started GET "/users/1" for ::1 at 2020-08-18 15:02:10 -0400
  [1m[35m (0.7ms)[0m  [1m[34mSELECT "schema_migrations"."version" FROM "schema_migrations" ORDER BY "schema_migrations"."version" ASC[0m
  ↳ /Users/ellispae/.rbenv/versions/2.5.1/lib/ruby/gems/2.5.0/gems/activerecord-5.2.4.3/lib/active_record/log_subscriber.rb:98

LoadError - Unable to autoload constant UsersController, expected /Users/ellispae/Documents/aA/Week 7/w7d2/music_app/app/controllers/users_controller.rb to define it:

Started GET "/users/1" for ::1 at 2020-08-18 15:07:55 -0400

LoadError - Unable to autoload constant UsersController, expected /Users/ellispae/Documents/aA/Week 7/w7d2/music_app/app/controllers/users_controller.rb to define it:

Started GET "/users/1" for ::1 at 2020-08-18 15:11:58 -0400

LoadError - Unable to autoload constant UsersController, expected /Users/ellispae/Documents/aA/Week 7/w7d2/music_app/app/controllers/users_controller.rb to define it:

Started GET "/users/1" for ::1 at 2020-08-18 15:13:41 -0400

LoadError - Unable to autoload constant UsersController, expected /Users/ellispae/Documents/aA/Week 7/w7d2/music_app/app/controllers/users_controller.rb to define it:

Started GET "/users/1" for ::1 at 2020-08-18 15:13:58 -0400
  [1m[35m (1.1ms)[0m  [1m[34mSELECT "schema_migrations"."version" FROM "schema_migrations" ORDER BY "schema_migrations"."version" ASC[0m
  ↳ /Users/ellispae/.rbenv/versions/2.5.1/lib/ruby/gems/2.5.0/gems/activerecord-5.2.4.3/lib/active_record/log_subscriber.rb:98

LoadError - Unable to autoload constant UsersController, expected /Users/ellispae/Documents/aA/Week 7/w7d2/music_app/app/controllers/users_controller.rb to define it:

Started GET "/bands" for ::1 at 2020-08-18 15:17:47 -0400
Processing by BandsController#index as HTML
  Rendering bands/index.html.erb within layouts/application
  [1m[36mBand Load (0.7ms)[0m  [1m[34mSELECT "bands".* FROM "bands"[0m
  ↳ app/views/bands/index.html.erb:4
  Rendered bands/index.html.erb within layouts/application (11.2ms)
Completed 200 OK in 149ms (Views: 138.0ms | ActiveRecord: 5.7ms)


Started GET "/bands" for ::1 at 2020-08-18 15:17:58 -0400
Processing by BandsController#index as HTML
  Rendering bands/index.html.erb within layouts/application
  [1m[36mBand Load (0.7ms)[0m  [1m[34mSELECT "bands".* FROM "bands"[0m
  ↳ app/views/bands/index.html.erb:4
  Rendered bands/index.html.erb within layouts/application (1.9ms)
Completed 200 OK in 17ms (Views: 16.1ms | ActiveRecord: 0.7ms)


Started GET "/session/new" for ::1 at 2020-08-18 15:18:06 -0400

NoMethodError - undefined method `make_response!' for SessionsController:Class:

Started POST "/__better_errors/071e5b2c98bae760/variables" for ::1 at 2020-08-18 15:18:06 -0400
Started GET "/bands" for ::1 at 2020-08-18 15:20:36 -0400
Processing by BandsController#index as */*
  Rendering bands/index.html.erb within layouts/application
  [1m[36mBand Load (0.3ms)[0m  [1m[34mSELECT "bands".* FROM "bands"[0m
  ↳ app/views/bands/index.html.erb:4
  Rendered bands/index.html.erb within layouts/application (1.4ms)
Completed 200 OK in 48ms (Views: 46.9ms | ActiveRecord: 0.3ms)


Started GET "/bands/1" for ::1 at 2020-08-18 15:20:47 -0400
Processing by BandsController#show as */*
  Parameters: {"id"=>"1"}
  [1m[36mBand Load (0.2ms)[0m  [1m[34mSELECT  "bands".* FROM "bands" WHERE "bands"."id" = $1 LIMIT $2[0m  [["id", 1], ["LIMIT", 1]]
  ↳ app/controllers/concerns/bands_controller.rb:10
Completed 404 Not Found in 10ms (ActiveRecord: 0.4ms)



ActiveRecord::RecordNotFound - Couldn't find Band with 'id'=1:
  app/controllers/concerns/bands_controller.rb:10:in `show'

Started GET "/bands" for ::1 at 2020-08-18 15:21:11 -0400
Processing by BandsController#index as HTML
  Rendering bands/index.html.erb within layouts/application
  [1m[36mBand Load (14.0ms)[0m  [1m[34mSELECT "bands".* FROM "bands"[0m
  ↳ app/views/bands/index.html.erb:4
  Rendered bands/index.html.erb within layouts/application (15.5ms)
Completed 200 OK in 37ms (Views: 22.5ms | ActiveRecord: 14.0ms)


Started GET "/users/1" for ::1 at 2020-08-18 15:21:30 -0400

LoadError - Unable to autoload constant UsersController, expected /Users/ellispae/Documents/aA/Week 7/w7d2/music_app/app/controllers/users_controller.rb to define it:

Started POST "/__better_errors/ef99be5c82343c85/variables" for ::1 at 2020-08-18 15:21:30 -0400
Started GET "/users/1" for ::1 at 2020-08-18 15:22:23 -0400

LoadError - Unable to autoload constant UsersController, expected /Users/ellispae/Documents/aA/Week 7/w7d2/music_app/app/controllers/users_controller.rb to define it:

Started POST "/__better_errors/2a9b4313aecb3ed4/variables" for ::1 at 2020-08-18 15:22:23 -0400
Started GET "/users/1" for ::1 at 2020-08-18 15:22:31 -0400

LoadError - Unable to autoload constant UsersController, expected /Users/ellispae/Documents/aA/Week 7/w7d2/music_app/app/controllers/users_controller.rb to define it:

Started POST "/__better_errors/3dadc76dd4b5603d/variables" for ::1 at 2020-08-18 15:22:31 -0400
Started GET "/users/1" for ::1 at 2020-08-18 15:23:05 -0400

LoadError - Unable to autoload constant UsersController, expected /Users/ellispae/Documents/aA/Week 7/w7d2/music_app/app/controllers/users_controller.rb to define it:

Started POST "/__better_errors/4f50355422aac082/variables" for ::1 at 2020-08-18 15:23:05 -0400
Started GET "/users/1" for ::1 at 2020-08-18 15:23:07 -0400

LoadError - Unable to autoload constant UsersController, expected /Users/ellispae/Documents/aA/Week 7/w7d2/music_app/app/controllers/users_controller.rb to define it:

Started POST "/__better_errors/a2efa19e62ceb36e/variables" for ::1 at 2020-08-18 15:23:08 -0400
Started GET "/users/1" for ::1 at 2020-08-18 15:23:09 -0400

LoadError - Unable to autoload constant UsersController, expected /Users/ellispae/Documents/aA/Week 7/w7d2/music_app/app/controllers/users_controller.rb to define it:

Started POST "/__better_errors/e2bdf85d3195d815/variables" for ::1 at 2020-08-18 15:23:09 -0400
  [1m[36mUser Load (0.7ms)[0m  [1m[34mSELECT "users".* FROM "users"[0m
Started GET "/session/new" for ::1 at 2020-08-18 15:26:34 -0400
  [1m[35m (0.7ms)[0m  [1m[34mSELECT "schema_migrations"."version" FROM "schema_migrations" ORDER BY "schema_migrations"."version" ASC[0m
  ↳ /Users/ellispae/.rbenv/versions/2.5.1/lib/ruby/gems/2.5.0/gems/activerecord-5.2.4.3/lib/active_record/log_subscriber.rb:98

NoMethodError - undefined method `make_response!' for SessionsController:Class:

Started POST "/__better_errors/b87219c7618dc0ab/variables" for ::1 at 2020-08-18 15:26:34 -0400
Started GET "/session/new" for ::1 at 2020-08-18 15:28:03 -0400
Processing by SessionsController#new as HTML
  Rendering sessions/new.html.erb within layouts/application
  Rendered sessions/new.html.erb within layouts/application (1.2ms)
Completed 200 OK in 139ms (Views: 136.1ms | ActiveRecord: 0.0ms)


Started POST "/users" for ::1 at 2020-08-18 15:28:14 -0400

LoadError - Unable to autoload constant UsersController, expected /Users/ellispae/Documents/aA/Week 7/w7d2/music_app/app/controllers/users_controller.rb to define it:

Started POST "/__better_errors/f3f192f260ba8e5b/variables" for ::1 at 2020-08-18 15:28:14 -0400
Started GET "/users/1" for ::1 at 2020-08-18 15:31:34 -0400

LoadError - Unable to autoload constant UsersController, expected /Users/ellispae/Documents/aA/Week 7/w7d2/music_app/app/controllers/users_controller.rb to define it:

Started POST "/__better_errors/96d61cdc374b6506/variables" for ::1 at 2020-08-18 15:31:35 -0400
Started GET "/session/new" for ::1 at 2020-08-18 15:31:45 -0400
Processing by SessionsController#new as HTML
  Rendering sessions/new.html.erb within layouts/application
  Rendered sessions/new.html.erb within layouts/application (0.5ms)
Completed 200 OK in 21ms (Views: 20.6ms | ActiveRecord: 0.0ms)


Started POST "/users" for ::1 at 2020-08-18 15:31:52 -0400

LoadError - Unable to autoload constant UsersController, expected /Users/ellispae/Documents/aA/Week 7/w7d2/music_app/app/controllers/users_controller.rb to define it:

Started POST "/__better_errors/2c633f2f013f3f57/variables" for ::1 at 2020-08-18 15:31:52 -0400
Started GET "/session/new" for ::1 at 2020-08-18 15:34:12 -0400
Processing by SessionsController#new as HTML
  Rendering sessions/new.html.erb within layouts/application
  Rendered sessions/new.html.erb within layouts/application (14.6ms)
Completed 200 OK in 31ms (Views: 30.8ms | ActiveRecord: 0.0ms)


Started POST "/session" for ::1 at 2020-08-18 15:34:20 -0400
Processing by SessionsController#create as HTML
  Parameters: {"authenticity_token"=>"u8xTLOuZ/2kBMGIrO/QI9/uXXXWz7XYf1CFbqQ7bB63/P/9dsYdZ3DZ58rt6MxUaZOLCU0fsvTcVgJ0fKQiKrg==", "user"=>{"email"=>"ellis@appacademy.com", "password"=>"[FILTERED]"}}
  [1m[36mUser Load (0.5ms)[0m  [1m[34mSELECT  "users".* FROM "users" WHERE "users"."email" = $1 LIMIT $2[0m  [["email", "ellis@appacademy.com"], ["LIMIT", 1]]
  ↳ app/models/user.rb:15
  [1m[35m (0.3ms)[0m  [1m[35mBEGIN[0m
  ↳ app/models/user.rb:25
  [1m[36mUser Exists (0.3ms)[0m  [1m[34mSELECT  1 AS one FROM "users" WHERE "users"."email" = $1 AND "users"."id" != $2 LIMIT $3[0m  [["email", "ellis@appacademy.com"], ["id", 1], ["LIMIT", 1]]
  ↳ app/models/user.rb:25
  [1m[36mUser Exists (0.2ms)[0m  [1m[34mSELECT  1 AS one FROM "users" WHERE "users"."session_token" = $1 AND "users"."id" != $2 LIMIT $3[0m  [["session_token", "1hF2VYKsl8Lrmov-q52yVA"], ["id", 1], ["LIMIT", 1]]
  ↳ app/models/user.rb:25
  [1m[36mUser Update (5.5ms)[0m  [1m[33mUPDATE "users" SET "session_token" = $1, "updated_at" = $2 WHERE "users"."id" = $3[0m  [["session_token", "1hF2VYKsl8Lrmov-q52yVA"], ["updated_at", "2020-08-18 19:34:20.749088"], ["id", 1]]
  ↳ app/models/user.rb:25
  [1m[35m (0.8ms)[0m  [1m[35mCOMMIT[0m
  ↳ app/models/user.rb:25
Completed 500 Internal Server Error in 246ms (ActiveRecord: 26.6ms)



ActionController::UrlGenerationError - No route matches {:action=>"show", :controller=>"users"}, missing required keys: [:id]:
  app/controllers/sessions_controller.rb:17:in `create'

Started POST "/__better_errors/318a9c1ad6e27d2a/variables" for ::1 at 2020-08-18 15:34:20 -0400
Started GET "/session" for ::1 at 2020-08-18 15:34:57 -0400
  
ActionController::RoutingError (No route matches [GET] "/session"):
  
actionpack (5.2.4.3) lib/action_dispatch/middleware/debug_exceptions.rb:65:in `call'
web-console (3.7.0) lib/web_console/middleware.rb:135:in `call_app'
web-console (3.7.0) lib/web_console/middleware.rb:30:in `block in call'
web-console (3.7.0) lib/web_console/middleware.rb:20:in `catch'
web-console (3.7.0) lib/web_console/middleware.rb:20:in `call'
actionpack (5.2.4.3) lib/action_dispatch/middleware/show_exceptions.rb:33:in `call'
railties (5.2.4.3) lib/rails/rack/logger.rb:38:in `call_app'
railties (5.2.4.3) lib/rails/rack/logger.rb:26:in `block in call'
activesupport (5.2.4.3) lib/active_support/tagged_logging.rb:71:in `block in tagged'
activesupport (5.2.4.3) lib/active_support/tagged_logging.rb:28:in `tagged'
activesupport (5.2.4.3) lib/active_support/tagged_logging.rb:71:in `tagged'
railties (5.2.4.3) lib/rails/rack/logger.rb:26:in `call'
sprockets-rails (3.2.1) lib/sprockets/rails/quiet_assets.rb:13:in `call'
actionpack (5.2.4.3) lib/action_dispatch/middleware/remote_ip.rb:81:in `call'
actionpack (5.2.4.3) lib/action_dispatch/middleware/request_id.rb:27:in `call'
rack (2.2.3) lib/rack/method_override.rb:24:in `call'
rack (2.2.3) lib/rack/runtime.rb:22:in `call'
activesupport (5.2.4.3) lib/active_support/cache/strategy/local_cache_middleware.rb:29:in `call'
actionpack (5.2.4.3) lib/action_dispatch/middleware/executor.rb:14:in `call'
actionpack (5.2.4.3) lib/action_dispatch/middleware/static.rb:127:in `call'
rack (2.2.3) lib/rack/sendfile.rb:110:in `call'
railties (5.2.4.3) lib/rails/engine.rb:524:in `call'
puma (3.12.6) lib/puma/configuration.rb:227:in `call'
puma (3.12.6) lib/puma/server.rb:706:in `handle_request'
puma (3.12.6) lib/puma/server.rb:476:in `process_client'
puma (3.12.6) lib/puma/server.rb:334:in `block in run'
puma (3.12.6) lib/puma/thread_pool.rb:135:in `block in spawn_thread'
Started GET "/session/new" for ::1 at 2020-08-18 15:35:03 -0400
Processing by SessionsController#new as HTML
  Rendering sessions/new.html.erb within layouts/application
  Rendered sessions/new.html.erb within layouts/application (0.7ms)
Completed 200 OK in 20ms (Views: 19.6ms | ActiveRecord: 0.0ms)


Started POST "/session" for ::1 at 2020-08-18 15:35:12 -0400
Processing by SessionsController#create as HTML
  Parameters: {"authenticity_token"=>"VlqPL1aDVjtmjWZDtDcPQgxq29zFr1TAYFohHtL2wxISqSNeDJ3wjlHE9tP18BKvkx9E+jGun+ih++eo9SVOEQ==", "user"=>{"email"=>"ellis@appacademy.com", "password"=>"[FILTERED]"}}
  [1m[36mUser Load (0.2ms)[0m  [1m[34mSELECT  "users".* FROM "users" WHERE "users"."email" = $1 LIMIT $2[0m  [["email", "ellis@appacademy.com"], ["LIMIT", 1]]
  ↳ app/models/user.rb:15
  [1m[35m (0.1ms)[0m  [1m[35mBEGIN[0m
  ↳ app/models/user.rb:25
  [1m[36mUser Exists (16.1ms)[0m  [1m[34mSELECT  1 AS one FROM "users" WHERE "users"."email" = $1 AND "users"."id" != $2 LIMIT $3[0m  [["email", "ellis@appacademy.com"], ["id", 1], ["LIMIT", 1]]
  ↳ app/models/user.rb:25
  [1m[36mUser Exists (0.2ms)[0m  [1m[34mSELECT  1 AS one FROM "users" WHERE "users"."session_token" = $1 AND "users"."id" != $2 LIMIT $3[0m  [["session_token", "WONuPJ_tZ9dBixyxc8JNZw"], ["id", 1], ["LIMIT", 1]]
  ↳ app/models/user.rb:25
  [1m[36mUser Update (0.4ms)[0m  [1m[33mUPDATE "users" SET "session_token" = $1, "updated_at" = $2 WHERE "users"."id" = $3[0m  [["session_token", "WONuPJ_tZ9dBixyxc8JNZw"], ["updated_at", "2020-08-18 19:35:12.833275"], ["id", 1]]
  ↳ app/models/user.rb:25
  [1m[35m (0.8ms)[0m  [1m[35mCOMMIT[0m
  ↳ app/models/user.rb:25
Redirected to http://localhost:3000/users/1
Completed 302 Found in 236ms (ActiveRecord: 22.0ms)


Started GET "/users/1" for ::1 at 2020-08-18 15:35:12 -0400

LoadError - Unable to autoload constant UsersController, expected /Users/ellispae/Documents/aA/Week 7/w7d2/music_app/app/controllers/users_controller.rb to define it:

Started POST "/__better_errors/7a920c961f0886ca/variables" for ::1 at 2020-08-18 15:35:12 -0400
Started GET "/users/1" for ::1 at 2020-08-18 15:36:10 -0400

LoadError - Unable to autoload constant UsersController, expected /Users/ellispae/Documents/aA/Week 7/w7d2/music_app/app/controllers/users_controller.rb to define it:

Started POST "/__better_errors/afc52bd21beb5084/variables" for ::1 at 2020-08-18 15:36:10 -0400
Started GET "/session/new" for ::1 at 2020-08-18 15:36:14 -0400
Processing by SessionsController#new as HTML
  Rendering sessions/new.html.erb within layouts/application
  Rendered sessions/new.html.erb within layouts/application (0.5ms)
  [1m[36mUser Load (0.3ms)[0m  [1m[34mSELECT  "users".* FROM "users" WHERE "users"."session_token" = $1 LIMIT $2[0m  [["session_token", "WONuPJ_tZ9dBixyxc8JNZw"], ["LIMIT", 1]]
  ↳ app/controllers/application_controller.rb:11
Completed 500 Internal Server Error in 27ms (ActiveRecord: 0.3ms)



ActionView::Template::Error - undefined method `username' for #<User:0x00007f9ae6755d68>:
  app/views/layouts/application.html.erb:14:in `view template'
  app/controllers/sessions_controller.rb:5:in `new'

Started POST "/__better_errors/76fa68dffed063a9/variables" for ::1 at 2020-08-18 15:36:14 -0400
Started GET "/session/new" for ::1 at 2020-08-18 15:36:21 -0400
Processing by SessionsController#new as HTML
  Rendering sessions/new.html.erb within layouts/application
  Rendered sessions/new.html.erb within layouts/application (0.5ms)
  [1m[36mUser Load (15.2ms)[0m  [1m[34mSELECT  "users".* FROM "users" WHERE "users"."session_token" = $1 LIMIT $2[0m  [["session_token", "WONuPJ_tZ9dBixyxc8JNZw"], ["LIMIT", 1]]
  ↳ app/controllers/application_controller.rb:11
Completed 500 Internal Server Error in 47ms (ActiveRecord: 15.2ms)



ActionView::Template::Error - undefined method `username' for #<User:0x00007f9ae4b16148>:
  app/views/layouts/application.html.erb:14:in `view template'
  app/controllers/sessions_controller.rb:5:in `new'

Started POST "/__better_errors/d1d38fcd22c76a70/variables" for ::1 at 2020-08-18 15:36:21 -0400
Started GET "/session/new" for ::1 at 2020-08-18 15:37:06 -0400
Processing by SessionsController#new as HTML
  Rendering sessions/new.html.erb within layouts/application
  Rendered sessions/new.html.erb within layouts/application (0.7ms)
  [1m[36mUser Load (2.7ms)[0m  [1m[34mSELECT  "users".* FROM "users" WHERE "users"."session_token" = $1 LIMIT $2[0m  [["session_token", "WONuPJ_tZ9dBixyxc8JNZw"], ["LIMIT", 1]]
  ↳ app/controllers/application_controller.rb:11
Completed 200 OK in 22ms (Views: 18.9ms | ActiveRecord: 2.7ms)


Started GET "/users/1" for ::1 at 2020-08-18 15:37:18 -0400

LoadError - Unable to autoload constant UsersController, expected /Users/ellispae/Documents/aA/Week 7/w7d2/music_app/app/controllers/users_controller.rb to define it:

Started POST "/__better_errors/694a300126a1156f/variables" for ::1 at 2020-08-18 15:37:18 -0400
Started GET "/users/1" for ::1 at 2020-08-18 15:38:06 -0400

LoadError - Unable to autoload constant UsersController, expected /Users/ellispae/Documents/aA/Week 7/w7d2/music_app/app/controllers/users_controller.rb to define it:

Started POST "/__better_errors/5124b5d91898fc34/variables" for ::1 at 2020-08-18 15:38:06 -0400
Started GET "/users/1" for ::1 at 2020-08-18 15:38:10 -0400

LoadError - Unable to autoload constant UsersController, expected /Users/ellispae/Documents/aA/Week 7/w7d2/music_app/app/controllers/users_controller.rb to define it:

Started POST "/__better_errors/da7313bd6ea8127d/variables" for ::1 at 2020-08-18 15:38:10 -0400
  [1m[36mUser Load (0.6ms)[0m  [1m[34mSELECT "users".* FROM "users"[0m
  [1m[36mUser Load (0.3ms)[0m  [1m[34mSELECT  "users".* FROM "users" ORDER BY "users"."id" ASC LIMIT $1[0m  [["LIMIT", 1]]
Started GET "/session/new" for ::1 at 2020-08-18 15:39:19 -0400
  [1m[35m (0.7ms)[0m  [1m[34mSELECT "schema_migrations"."version" FROM "schema_migrations" ORDER BY "schema_migrations"."version" ASC[0m
  ↳ /Users/ellispae/.rbenv/versions/2.5.1/lib/ruby/gems/2.5.0/gems/activerecord-5.2.4.3/lib/active_record/log_subscriber.rb:98
Processing by SessionsController#new as HTML
  Rendering sessions/new.html.erb within layouts/application
  Rendered sessions/new.html.erb within layouts/application (1.3ms)
  [1m[36mUser Load (0.7ms)[0m  [1m[34mSELECT  "users".* FROM "users" WHERE "users"."session_token" = $1 LIMIT $2[0m  [["session_token", "WONuPJ_tZ9dBixyxc8JNZw"], ["LIMIT", 1]]
  ↳ app/controllers/application_controller.rb:11
Completed 200 OK in 182ms (Views: 151.6ms | ActiveRecord: 25.8ms)


Started DELETE "/session" for ::1 at 2020-08-18 15:39:23 -0400
Processing by SessionsController#destroy as HTML
  Parameters: {"authenticity_token"=>"mzIh0d9lesGNamwNvTmHHQ4sOsJPAlxWXKPAcpSO1PPfwY2ghXvcdLoj/J38/prwkVml5LsDl36dAgbEs11Z8A=="}
Completed 500 Internal Server Error in 73ms (ActiveRecord: 0.0ms)



NoMethodError - undefined method `logout_user!' for #<SessionsController:0x00007fd7357a4900>
Did you mean?  log_out_user!
               log_in_user!:
  app/controllers/sessions_controller.rb:26:in `destroy'

Started POST "/__better_errors/c78c9b92ad8437e8/variables" for ::1 at 2020-08-18 15:39:24 -0400
Started DELETE "/session" for ::1 at 2020-08-18 15:40:32 -0400
Processing by SessionsController#destroy as HTML
  Parameters: {"authenticity_token"=>"mzIh0d9lesGNamwNvTmHHQ4sOsJPAlxWXKPAcpSO1PPfwY2ghXvcdLoj/J38/prwkVml5LsDl36dAgbEs11Z8A=="}
  [1m[36mUser Load (0.2ms)[0m  [1m[34mSELECT  "users".* FROM "users" WHERE "users"."session_token" = $1 LIMIT $2[0m  [["session_token", "WONuPJ_tZ9dBixyxc8JNZw"], ["LIMIT", 1]]
  ↳ app/controllers/application_controller.rb:11
  [1m[35m (16.0ms)[0m  [1m[35mBEGIN[0m
  ↳ app/models/user.rb:25
  [1m[36mUser Exists (0.5ms)[0m  [1m[34mSELECT  1 AS one FROM "users" WHERE "users"."email" = $1 AND "users"."id" != $2 LIMIT $3[0m  [["email", "ellis@appacademy.com"], ["id", 1], ["LIMIT", 1]]
  ↳ app/models/user.rb:25
  [1m[36mUser Exists (0.2ms)[0m  [1m[34mSELECT  1 AS one FROM "users" WHERE "users"."session_token" = $1 AND "users"."id" != $2 LIMIT $3[0m  [["session_token", "cbWGvU5BFmFv-beoiFVPXw"], ["id", 1], ["LIMIT", 1]]
  ↳ app/models/user.rb:25
  [1m[36mUser Update (0.6ms)[0m  [1m[33mUPDATE "users" SET "session_token" = $1, "updated_at" = $2 WHERE "users"."id" = $3[0m  [["session_token", "cbWGvU5BFmFv-beoiFVPXw"], ["updated_at", "2020-08-18 19:40:32.742685"], ["id", 1]]
  ↳ app/models/user.rb:25
  [1m[35m (0.3ms)[0m  [1m[35mCOMMIT[0m
  ↳ app/models/user.rb:25
Redirected to http://localhost:3000/session/new
Completed 302 Found in 36ms (ActiveRecord: 22.1ms)


Started GET "/session/new" for ::1 at 2020-08-18 15:40:32 -0400
Processing by SessionsController#new as HTML
  Rendering sessions/new.html.erb within layouts/application
  Rendered sessions/new.html.erb within layouts/application (0.7ms)
Completed 200 OK in 22ms (Views: 22.0ms | ActiveRecord: 0.0ms)


Started POST "/session" for ::1 at 2020-08-18 15:40:42 -0400
Processing by SessionsController#create as HTML
  Parameters: {"authenticity_token"=>"BHdSUQaP/bsKMOOoB+T9cvyCJuV7ZVI3JZfix24le61AhP4gXJFbDj15czhGI+CfY/e5w49kmR/kNiRxSfb2rg==", "user"=>{"email"=>"ellis@appacademy.com", "password"=>"[FILTERED]"}}
  [1m[36mUser Load (0.2ms)[0m  [1m[34mSELECT  "users".* FROM "users" WHERE "users"."email" = $1 LIMIT $2[0m  [["email", "ellis@appacademy.com"], ["LIMIT", 1]]
  ↳ app/models/user.rb:15
  Rendering sessions/new.html.erb within layouts/application
  Rendered sessions/new.html.erb within layouts/application (0.5ms)
Completed 200 OK in 219ms (Views: 18.7ms | ActiveRecord: 0.2ms)


Started GET "/session/new" for ::1 at 2020-08-18 15:41:03 -0400
Processing by SessionsController#new as HTML
  Rendering sessions/new.html.erb within layouts/application
  Rendered sessions/new.html.erb within layouts/application (0.7ms)
Completed 200 OK in 22ms (Views: 21.7ms | ActiveRecord: 0.0ms)


Started GET "/session" for ::1 at 2020-08-18 15:41:33 -0400
  
ActionController::RoutingError (No route matches [GET] "/session"):
  
actionpack (5.2.4.3) lib/action_dispatch/middleware/debug_exceptions.rb:65:in `call'
web-console (3.7.0) lib/web_console/middleware.rb:135:in `call_app'
web-console (3.7.0) lib/web_console/middleware.rb:30:in `block in call'
web-console (3.7.0) lib/web_console/middleware.rb:20:in `catch'
web-console (3.7.0) lib/web_console/middleware.rb:20:in `call'
actionpack (5.2.4.3) lib/action_dispatch/middleware/show_exceptions.rb:33:in `call'
railties (5.2.4.3) lib/rails/rack/logger.rb:38:in `call_app'
railties (5.2.4.3) lib/rails/rack/logger.rb:26:in `block in call'
activesupport (5.2.4.3) lib/active_support/tagged_logging.rb:71:in `block in tagged'
activesupport (5.2.4.3) lib/active_support/tagged_logging.rb:28:in `tagged'
activesupport (5.2.4.3) lib/active_support/tagged_logging.rb:71:in `tagged'
railties (5.2.4.3) lib/rails/rack/logger.rb:26:in `call'
sprockets-rails (3.2.1) lib/sprockets/rails/quiet_assets.rb:13:in `call'
actionpack (5.2.4.3) lib/action_dispatch/middleware/remote_ip.rb:81:in `call'
actionpack (5.2.4.3) lib/action_dispatch/middleware/request_id.rb:27:in `call'
rack (2.2.3) lib/rack/method_override.rb:24:in `call'
rack (2.2.3) lib/rack/runtime.rb:22:in `call'
activesupport (5.2.4.3) lib/active_support/cache/strategy/local_cache_middleware.rb:29:in `call'
actionpack (5.2.4.3) lib/action_dispatch/middleware/executor.rb:14:in `call'
actionpack (5.2.4.3) lib/action_dispatch/middleware/static.rb:127:in `call'
rack (2.2.3) lib/rack/sendfile.rb:110:in `call'
railties (5.2.4.3) lib/rails/engine.rb:524:in `call'
puma (3.12.6) lib/puma/configuration.rb:227:in `call'
puma (3.12.6) lib/puma/server.rb:706:in `handle_request'
puma (3.12.6) lib/puma/server.rb:476:in `process_client'
puma (3.12.6) lib/puma/server.rb:334:in `block in run'
puma (3.12.6) lib/puma/thread_pool.rb:135:in `block in spawn_thread'
Started GET "/session/new" for ::1 at 2020-08-18 15:41:43 -0400
Processing by SessionsController#new as HTML
  Rendering sessions/new.html.erb within layouts/application
  Rendered sessions/new.html.erb within layouts/application (0.8ms)
Completed 200 OK in 24ms (Views: 23.2ms | ActiveRecord: 0.0ms)


Started POST "/session" for ::1 at 2020-08-18 15:41:50 -0400
Processing by SessionsController#create as HTML
  Parameters: {"authenticity_token"=>"/O82iKLpyBg/ghRfm78iKXxOYdrdGiwXCG2BBdS94VK4HJr5+PdurQjLhM/aeD/E4zv+/Ckb5z/JzEez825sUQ==", "user"=>{"email"=>"ellis@appacademy.com", "password"=>"[FILTERED]"}}
  [1m[36mUser Load (16.8ms)[0m  [1m[34mSELECT  "users".* FROM "users" WHERE "users"."email" = $1 LIMIT $2[0m  [["email", "ellis@appacademy.com"], ["LIMIT", 1]]
  ↳ app/models/user.rb:15
  [1m[35m (0.2ms)[0m  [1m[35mBEGIN[0m
  ↳ app/models/user.rb:25
  [1m[36mUser Exists (0.3ms)[0m  [1m[34mSELECT  1 AS one FROM "users" WHERE "users"."email" = $1 AND "users"."id" != $2 LIMIT $3[0m  [["email", "ellis@appacademy.com"], ["id", 1], ["LIMIT", 1]]
  ↳ app/models/user.rb:25
  [1m[36mUser Exists (0.2ms)[0m  [1m[34mSELECT  1 AS one FROM "users" WHERE "users"."session_token" = $1 AND "users"."id" != $2 LIMIT $3[0m  [["session_token", "nd9lbV86uKj_2f3_s3M43w"], ["id", 1], ["LIMIT", 1]]
  ↳ app/models/user.rb:25
  [1m[36mUser Update (0.3ms)[0m  [1m[33mUPDATE "users" SET "session_token" = $1, "updated_at" = $2 WHERE "users"."id" = $3[0m  [["session_token", "nd9lbV86uKj_2f3_s3M43w"], ["updated_at", "2020-08-18 19:41:50.350188"], ["id", 1]]
  ↳ app/models/user.rb:25
  [1m[35m (0.4ms)[0m  [1m[35mCOMMIT[0m
  ↳ app/models/user.rb:25
Redirected to http://localhost:3000/users/1
Completed 302 Found in 228ms (ActiveRecord: 18.2ms)


Started GET "/users/1" for ::1 at 2020-08-18 15:41:50 -0400

LoadError - Unable to autoload constant UsersController, expected /Users/ellispae/Documents/aA/Week 7/w7d2/music_app/app/controllers/users_controller.rb to define it:

Started POST "/__better_errors/52b0199b860882a3/variables" for ::1 at 2020-08-18 15:41:50 -0400
Started GET "/users/1" for ::1 at 2020-08-18 15:45:17 -0400
  [1m[35m (0.8ms)[0m  [1m[34mSELECT "schema_migrations"."version" FROM "schema_migrations" ORDER BY "schema_migrations"."version" ASC[0m
  ↳ /Users/ellispae/.rbenv/versions/2.5.1/lib/ruby/gems/2.5.0/gems/activerecord-5.2.4.3/lib/active_record/log_subscriber.rb:98
Processing by UsersController#show as HTML
  Parameters: {"id"=>"1"}
  Rendering users/show.html.erb within layouts/application
  [1m[36mUser Load (0.7ms)[0m  [1m[34mSELECT  "users".* FROM "users" WHERE "users"."session_token" = $1 LIMIT $2[0m  [["session_token", "nd9lbV86uKj_2f3_s3M43w"], ["LIMIT", 1]]
  ↳ app/controllers/application_controller.rb:11
  Rendered users/show.html.erb within layouts/application (18824.6ms)
Completed 200 OK in 18957ms (Views: 18929.2ms | ActiveRecord: 23.6ms)


Started GET "/users/1" for ::1 at 2020-08-18 15:46:00 -0400
Processing by UsersController#show as HTML
  Parameters: {"id"=>"1"}
  Rendering users/show.html.erb within layouts/application
  [1m[36mUser Load (0.3ms)[0m  [1m[34mSELECT  "users".* FROM "users" WHERE "users"."session_token" = $1 LIMIT $2[0m  [["session_token", "nd9lbV86uKj_2f3_s3M43w"], ["LIMIT", 1]]
  ↳ app/controllers/application_controller.rb:11
  Rendered users/show.html.erb within layouts/application (1.2ms)
Completed 200 OK in 18ms (Views: 17.3ms | ActiveRecord: 0.3ms)


  [1m[35m (0.2ms)[0m  [1m[34mSELECT pg_try_advisory_lock(4505726345591715405)[0m
  ↳ bin/rails:9
  [1m[35m (1.0ms)[0m  [1m[34mSELECT "schema_migrations"."version" FROM "schema_migrations" ORDER BY "schema_migrations"."version" ASC[0m
  ↳ bin/rails:9
Migrating to CreateAlbums (20200818200639)
  [1m[35m (0.1ms)[0m  [1m[35mBEGIN[0m
  ↳ bin/rails:9
  [1m[35m (10.7ms)[0m  [1m[35mCREATE TABLE "albums" ("id" bigserial primary key, "title" character varying NOT NULL, "band_id" integer NOT NULL, "year" integer NOT NULL, "live" boolean DEFAULT FALSE NOT NULL, "created_at" timestamp NOT NULL, "updated_at" timestamp NOT NULL)[0m
  ↳ db/migrate/20200818200639_create_albums.rb:3
  [1m[35m (1.0ms)[0m  [1m[35mCREATE UNIQUE INDEX  "index_albums_on_band_id_and_title" ON "albums"  ("band_id", "title")[0m
  ↳ db/migrate/20200818200639_create_albums.rb:11
  [1m[36mActiveRecord::SchemaMigration Create (16.6ms)[0m  [1m[32mINSERT INTO "schema_migrations" ("version") VALUES ($1) RETURNING "version"[0m  [["version", "20200818200639"]]
  ↳ bin/rails:9
  [1m[35m (0.9ms)[0m  [1m[35mCOMMIT[0m
  ↳ bin/rails:9
  [1m[36mActiveRecord::InternalMetadata Load (0.4ms)[0m  [1m[34mSELECT  "ar_internal_metadata".* FROM "ar_internal_metadata" WHERE "ar_internal_metadata"."key" = $1 LIMIT $2[0m  [["key", "environment"], ["LIMIT", 1]]
  ↳ bin/rails:9
  [1m[35m (0.1ms)[0m  [1m[35mBEGIN[0m
  ↳ bin/rails:9
  [1m[35m (0.1ms)[0m  [1m[35mCOMMIT[0m
  ↳ bin/rails:9
  [1m[35m (0.1ms)[0m  [1m[34mSELECT pg_advisory_unlock(4505726345591715405)[0m
  ↳ bin/rails:9
  [1m[35m (0.2ms)[0m  [1m[34mSELECT "schema_migrations"."version" FROM "schema_migrations" ORDER BY "schema_migrations"."version" ASC[0m
  ↳ bin/rails:9
  [1m[35m (0.8ms)[0m  [1m[34mSELECT "schema_migrations"."version" FROM "schema_migrations" ORDER BY "schema_migrations"."version" ASC[0m
  ↳ bin/rails:9
Started GET "/albums" for ::1 at 2020-08-18 17:12:46 -0400
  [1m[35m (1.3ms)[0m  [1m[34mSELECT "schema_migrations"."version" FROM "schema_migrations" ORDER BY "schema_migrations"."version" ASC[0m
  ↳ /Users/ellispae/.rbenv/versions/2.5.1/lib/ruby/gems/2.5.0/gems/activerecord-5.2.4.3/lib/active_record/log_subscriber.rb:98
  
ActionController::RoutingError (No route matches [GET] "/albums"):
  
actionpack (5.2.4.3) lib/action_dispatch/middleware/debug_exceptions.rb:65:in `call'
web-console (3.7.0) lib/web_console/middleware.rb:135:in `call_app'
web-console (3.7.0) lib/web_console/middleware.rb:30:in `block in call'
web-console (3.7.0) lib/web_console/middleware.rb:20:in `catch'
web-console (3.7.0) lib/web_console/middleware.rb:20:in `call'
actionpack (5.2.4.3) lib/action_dispatch/middleware/show_exceptions.rb:33:in `call'
railties (5.2.4.3) lib/rails/rack/logger.rb:38:in `call_app'
railties (5.2.4.3) lib/rails/rack/logger.rb:26:in `block in call'
activesupport (5.2.4.3) lib/active_support/tagged_logging.rb:71:in `block in tagged'
activesupport (5.2.4.3) lib/active_support/tagged_logging.rb:28:in `tagged'
activesupport (5.2.4.3) lib/active_support/tagged_logging.rb:71:in `tagged'
railties (5.2.4.3) lib/rails/rack/logger.rb:26:in `call'
sprockets-rails (3.2.1) lib/sprockets/rails/quiet_assets.rb:13:in `call'
actionpack (5.2.4.3) lib/action_dispatch/middleware/remote_ip.rb:81:in `call'
actionpack (5.2.4.3) lib/action_dispatch/middleware/request_id.rb:27:in `call'
rack (2.2.3) lib/rack/method_override.rb:24:in `call'
rack (2.2.3) lib/rack/runtime.rb:22:in `call'
activesupport (5.2.4.3) lib/active_support/cache/strategy/local_cache_middleware.rb:29:in `call'
actionpack (5.2.4.3) lib/action_dispatch/middleware/executor.rb:14:in `call'
actionpack (5.2.4.3) lib/action_dispatch/middleware/static.rb:127:in `call'
rack (2.2.3) lib/rack/sendfile.rb:110:in `call'
railties (5.2.4.3) lib/rails/engine.rb:524:in `call'
puma (3.12.6) lib/puma/configuration.rb:227:in `call'
puma (3.12.6) lib/puma/server.rb:706:in `handle_request'
puma (3.12.6) lib/puma/server.rb:476:in `process_client'
puma (3.12.6) lib/puma/server.rb:334:in `block in run'
puma (3.12.6) lib/puma/thread_pool.rb:135:in `block in spawn_thread'
  [1m[35m (0.6ms)[0m  [1m[34mSELECT "schema_migrations"."version" FROM "schema_migrations" ORDER BY "schema_migrations"."version" ASC[0m
  ↳ bin/rails:9
  [1m[35m (0.9ms)[0m  [1m[34mSELECT "schema_migrations"."version" FROM "schema_migrations" ORDER BY "schema_migrations"."version" ASC[0m
  ↳ bin/rails:9
  [1m[35m (0.8ms)[0m  [1m[34mSELECT "schema_migrations"."version" FROM "schema_migrations" ORDER BY "schema_migrations"."version" ASC[0m
  ↳ bin/rails:9
  [1m[35m (1.2ms)[0m  [1m[34mSELECT "schema_migrations"."version" FROM "schema_migrations" ORDER BY "schema_migrations"."version" ASC[0m
  ↳ bin/rails:9
  [1m[35m (0.6ms)[0m  [1m[34mSELECT "schema_migrations"."version" FROM "schema_migrations" ORDER BY "schema_migrations"."version" ASC[0m
  ↳ bin/rails:9
  [1m[35m (0.9ms)[0m  [1m[34mSELECT "schema_migrations"."version" FROM "schema_migrations" ORDER BY "schema_migrations"."version" ASC[0m
  ↳ bin/rails:9
